INFO - 2021-12-12 06:54:24 --> Session: Class initialized using 'CodeIgniter\Session\Handlers\FileHandler' driver.
ERROR - 2021-12-12 06:54:24 --> Error connecting to the database: MySQL server has gone away
CRITICAL - 2021-12-12 06:54:24 --> Unable to connect to the database.
#0 /app/system/Database/BaseConnection.php(618): CodeIgniter\Database\BaseConnection->initialize()
#1 /app/system/Database/BaseBuilder.php(1866): CodeIgniter\Database\BaseConnection->query()
#2 /app/app/Models/EvaluasiModel.php(236): CodeIgniter\Database\BaseBuilder->get()
#3 /app/app/Controllers/Home.php(18): App\Models\EvaluasiModel->findCettar()
#4 /app/system/CodeIgniter.php(936): App\Controllers\Home->index()
#5 /app/system/CodeIgniter.php(432): CodeIgniter\CodeIgniter->runController()
#6 /app/system/CodeIgniter.php(333): CodeIgniter\CodeIgniter->handleRequest()
#7 /app/public/index.php(45): CodeIgniter\CodeIgniter->run()
#8 {main}
INFO - 2021-12-12 07:25:37 --> Session: Class initialized using 'CodeIgniter\Session\Handlers\FileHandler' driver.
ERROR - 2021-12-12 07:25:37 --> Error connecting to the database: MySQL server has gone away
CRITICAL - 2021-12-12 07:25:37 --> Unable to connect to the database.
#0 /app/system/Database/BaseConnection.php(618): CodeIgniter\Database\BaseConnection->initialize()
#1 /app/system/Database/BaseBuilder.php(1866): CodeIgniter\Database\BaseConnection->query()
#2 /app/app/Models/MasterModel.php(27): CodeIgniter\Database\BaseBuilder->get()
#3 /app/app/Controllers/Read.php(25): App\Models\MasterModel->getMUnit()
#4 /app/system/CodeIgniter.php(936): App\Controllers\Read->opd()
#5 /app/system/CodeIgniter.php(432): CodeIgniter\CodeIgniter->runController()
#6 /app/system/CodeIgniter.php(333): CodeIgniter\CodeIgniter->handleRequest()
#7 /app/public/index.php(45): CodeIgniter\CodeIgniter->run()
#8 {main}
INFO - 2021-12-12 08:37:43 --> Session: Class initialized using 'CodeIgniter\Session\Handlers\FileHandler' driver.
ERROR - 2021-12-12 08:37:43 --> Error connecting to the database: MySQL server has gone away
CRITICAL - 2021-12-12 08:37:43 --> Unable to connect to the database.
#0 /app/system/Database/BaseConnection.php(618): CodeIgniter\Database\BaseConnection->initialize()
#1 /app/system/Database/BaseBuilder.php(1866): CodeIgniter\Database\BaseConnection->query()
#2 /app/app/Models/MasterModel.php(27): CodeIgniter\Database\BaseBuilder->get()
#3 /app/app/Controllers/Read.php(39): App\Models\MasterModel->getMUnit()
#4 /app/system/CodeIgniter.php(936): App\Controllers\Read->kab()
#5 /app/system/CodeIgniter.php(432): CodeIgniter\CodeIgniter->runController()
#6 /app/system/CodeIgniter.php(333): CodeIgniter\CodeIgniter->handleRequest()
#7 /app/public/index.php(45): CodeIgniter\CodeIgniter->run()
#8 {main}
INFO - 2021-12-12 09:21:13 --> Session: Class initialized using 'CodeIgniter\Session\Handlers\FileHandler' driver.
ERROR - 2021-12-12 09:21:13 --> Error connecting to the database: MySQL server has gone away
CRITICAL - 2021-12-12 09:21:13 --> Unable to connect to the database.
#0 /app/system/Database/BaseConnection.php(618): CodeIgniter\Database\BaseConnection->initialize()
#1 /app/system/Database/BaseBuilder.php(1866): CodeIgniter\Database\BaseConnection->query()
#2 /app/app/Models/MasterModel.php(27): CodeIgniter\Database\BaseBuilder->get()
#3 /app/app/Controllers/Read.php(39): App\Models\MasterModel->getMUnit()
#4 /app/system/CodeIgniter.php(936): App\Controllers\Read->kab()
#5 /app/system/CodeIgniter.php(432): CodeIgniter\CodeIgniter->runController()
#6 /app/system/CodeIgniter.php(333): CodeIgniter\CodeIgniter->handleRequest()
#7 /app/public/index.php(45): CodeIgniter\CodeIgniter->run()
#8 {main}
INFO - 2021-12-12 10:07:17 --> Session: Class initialized using 'CodeIgniter\Session\Handlers\FileHandler' driver.
ERROR - 2021-12-12 10:07:17 --> Error connecting to the database: MySQL server has gone away
CRITICAL - 2021-12-12 10:07:17 --> Unable to connect to the database.
#0 /app/system/Database/BaseConnection.php(618): CodeIgniter\Database\BaseConnection->initialize()
#1 /app/system/Database/BaseBuilder.php(1866): CodeIgniter\Database\BaseConnection->query()
#2 /app/app/Models/MasterModel.php(27): CodeIgniter\Database\BaseBuilder->get()
#3 /app/app/Controllers/Read.php(25): App\Models\MasterModel->getMUnit()
#4 /app/system/CodeIgniter.php(936): App\Controllers\Read->opd()
#5 /app/system/CodeIgniter.php(432): CodeIgniter\CodeIgniter->runController()
#6 /app/system/CodeIgniter.php(333): CodeIgniter\CodeIgniter->handleRequest()
#7 /app/public/index.php(45): CodeIgniter\CodeIgniter->run()
#8 {main}
INFO - 2021-12-12 10:49:15 --> Session: Class initialized using 'CodeIgniter\Session\Handlers\FileHandler' driver.
ERROR - 2021-12-12 10:49:15 --> Error connecting to the database: MySQL server has gone away
CRITICAL - 2021-12-12 10:49:15 --> Unable to connect to the database.
#0 /app/system/Database/BaseConnection.php(618): CodeIgniter\Database\BaseConnection->initialize()
#1 /app/system/Database/BaseBuilder.php(1866): CodeIgniter\Database\BaseConnection->query()
#2 /app/app/Models/MasterModel.php(27): CodeIgniter\Database\BaseBuilder->get()
#3 /app/app/Controllers/Read.php(39): App\Models\MasterModel->getMUnit()
#4 /app/system/CodeIgniter.php(936): App\Controllers\Read->kab()
#5 /app/system/CodeIgniter.php(432): CodeIgniter\CodeIgniter->runController()
#6 /app/system/CodeIgniter.php(333): CodeIgniter\CodeIgniter->handleRequest()
#7 /app/public/index.php(45): CodeIgniter\CodeIgniter->run()
#8 {main}
INFO - 2021-12-12 11:05:03 --> Session: Class initialized using 'CodeIgniter\Session\Handlers\FileHandler' driver.
ERROR - 2021-12-12 11:05:03 --> Error connecting to the database: MySQL server has gone away
CRITICAL - 2021-12-12 11:05:03 --> Unable to connect to the database.
#0 /app/system/Database/BaseConnection.php(618): CodeIgniter\Database\BaseConnection->initialize()
#1 /app/system/Database/BaseBuilder.php(1866): CodeIgniter\Database\BaseConnection->query()
#2 /app/app/Models/MasterModel.php(27): CodeIgniter\Database\BaseBuilder->get()
#3 /app/app/Controllers/Read.php(39): App\Models\MasterModel->getMUnit()
#4 /app/system/CodeIgniter.php(936): App\Controllers\Read->kab()
#5 /app/system/CodeIgniter.php(432): CodeIgniter\CodeIgniter->runController()
#6 /app/system/CodeIgniter.php(333): CodeIgniter\CodeIgniter->handleRequest()
#7 /app/public/index.php(45): CodeIgniter\CodeIgniter->run()
#8 {main}
INFO - 2021-12-12 12:43:38 --> Session: Class initialized using 'CodeIgniter\Session\Handlers\FileHandler' driver.
ERROR - 2021-12-12 12:43:38 --> Error connecting to the database: MySQL server has gone away
CRITICAL - 2021-12-12 12:43:38 --> Unable to connect to the database.
#0 /app/system/Database/BaseConnection.php(618): CodeIgniter\Database\BaseConnection->initialize()
#1 /app/system/Database/BaseBuilder.php(1866): CodeIgniter\Database\BaseConnection->query()
#2 /app/app/Models/MasterModel.php(27): CodeIgniter\Database\BaseBuilder->get()
#3 /app/app/Controllers/Read.php(39): App\Models\MasterModel->getMUnit()
#4 /app/system/CodeIgniter.php(936): App\Controllers\Read->kab()
#5 /app/system/CodeIgniter.php(432): CodeIgniter\CodeIgniter->runController()
#6 /app/system/CodeIgniter.php(333): CodeIgniter\CodeIgniter->handleRequest()
#7 /app/public/index.php(45): CodeIgniter\CodeIgniter->run()
#8 {main}
INFO - 2021-12-12 13:10:19 --> Session: Class initialized using 'CodeIgniter\Session\Handlers\FileHandler' driver.
ERROR - 2021-12-12 13:10:19 --> Error connecting to the database: MySQL server has gone away
CRITICAL - 2021-12-12 13:10:19 --> Unable to connect to the database.
#0 /app/system/Database/BaseConnection.php(618): CodeIgniter\Database\BaseConnection->initialize()
#1 /app/system/Database/BaseBuilder.php(1866): CodeIgniter\Database\BaseConnection->query()
#2 /app/app/Models/MasterModel.php(225): CodeIgniter\Database\BaseBuilder->get()
#3 /app/app/Controllers/Read.php(54): App\Models\MasterModel->findMIndikator()
#4 /app/system/CodeIgniter.php(936): App\Controllers\Read->detail()
#5 /app/system/CodeIgniter.php(432): CodeIgniter\CodeIgniter->runController()
#6 /app/system/CodeIgniter.php(333): CodeIgniter\CodeIgniter->handleRequest()
#7 /app/public/index.php(45): CodeIgniter\CodeIgniter->run()
#8 {main}
INFO - 2021-12-12 13:43:14 --> Session: Class initialized using 'CodeIgniter\Session\Handlers\FileHandler' driver.
ERROR - 2021-12-12 13:43:14 --> Error connecting to the database: MySQL server has gone away
CRITICAL - 2021-12-12 13:43:14 --> Unable to connect to the database.
#0 /app/system/Database/BaseConnection.php(618): CodeIgniter\Database\BaseConnection->initialize()
#1 /app/system/Database/BaseBuilder.php(1866): CodeIgniter\Database\BaseConnection->query()
#2 /app/app/Models/MasterModel.php(27): CodeIgniter\Database\BaseBuilder->get()
#3 /app/app/Controllers/Read.php(39): App\Models\MasterModel->getMUnit()
#4 /app/system/CodeIgniter.php(936): App\Controllers\Read->kab()
#5 /app/system/CodeIgniter.php(432): CodeIgniter\CodeIgniter->runController()
#6 /app/system/CodeIgniter.php(333): CodeIgniter\CodeIgniter->handleRequest()
#7 /app/public/index.php(45): CodeIgniter\CodeIgniter->run()
#8 {main}
INFO - 2021-12-12 14:46:55 --> Session: Class initialized using 'CodeIgniter\Session\Handlers\FileHandler' driver.
ERROR - 2021-12-12 14:46:56 --> Error connecting to the database: Unknown database 'sibekisar_apps'
CRITICAL - 2021-12-12 14:46:56 --> Unable to connect to the database.
#0 /app/system/Database/BaseConnection.php(618): CodeIgniter\Database\BaseConnection->initialize()
#1 /app/system/Database/BaseBuilder.php(1866): CodeIgniter\Database\BaseConnection->query()
#2 /app/app/Models/MasterModel.php(27): CodeIgniter\Database\BaseBuilder->get()
#3 /app/app/Controllers/Read.php(39): App\Models\MasterModel->getMUnit()
#4 /app/system/CodeIgniter.php(936): App\Controllers\Read->kab()
#5 /app/system/CodeIgniter.php(432): CodeIgniter\CodeIgniter->runController()
#6 /app/system/CodeIgniter.php(333): CodeIgniter\CodeIgniter->handleRequest()
#7 /app/public/index.php(45): CodeIgniter\CodeIgniter->run()
#8 {main}
INFO - 2021-12-12 15:23:33 --> Session: Class initialized using 'CodeIgniter\Session\Handlers\FileHandler' driver.
ERROR - 2021-12-12 15:23:33 --> Error connecting to the database: MySQL server has gone away
CRITICAL - 2021-12-12 15:23:33 --> Unable to connect to the database.
#0 /app/system/Database/BaseConnection.php(618): CodeIgniter\Database\BaseConnection->initialize()
#1 /app/system/Database/BaseBuilder.php(1866): CodeIgniter\Database\BaseConnection->query()
#2 /app/app/Models/MasterModel.php(27): CodeIgniter\Database\BaseBuilder->get()
#3 /app/app/Controllers/Read.php(39): App\Models\MasterModel->getMUnit()
#4 /app/system/CodeIgniter.php(936): App\Controllers\Read->kab()
#5 /app/system/CodeIgniter.php(432): CodeIgniter\CodeIgniter->runController()
#6 /app/system/CodeIgniter.php(333): CodeIgniter\CodeIgniter->handleRequest()
#7 /app/public/index.php(45): CodeIgniter\CodeIgniter->run()
#8 {main}
INFO - 2021-12-12 15:41:09 --> Session: Class initialized using 'CodeIgniter\Session\Handlers\FileHandler' driver.
ERROR - 2021-12-12 15:41:09 --> Error connecting to the database: MySQL server has gone away
CRITICAL - 2021-12-12 15:41:09 --> Unable to connect to the database.
#0 /app/system/Database/BaseConnection.php(618): CodeIgniter\Database\BaseConnection->initialize()
#1 /app/system/Database/BaseBuilder.php(1866): CodeIgniter\Database\BaseConnection->query()
#2 /app/app/Models/MasterModel.php(27): CodeIgniter\Database\BaseBuilder->get()
#3 /app/app/Controllers/Read.php(25): App\Models\MasterModel->getMUnit()
#4 /app/system/CodeIgniter.php(936): App\Controllers\Read->opd()
#5 /app/system/CodeIgniter.php(432): CodeIgniter\CodeIgniter->runController()
#6 /app/system/CodeIgniter.php(333): CodeIgniter\CodeIgniter->handleRequest()
#7 /app/public/index.php(45): CodeIgniter\CodeIgniter->run()
#8 {main}
INFO - 2021-12-12 20:03:56 --> Session: Class initialized using 'CodeIgniter\Session\Handlers\FileHandler' driver.
ERROR - 2021-12-12 20:03:56 --> Error connecting to the database: MySQL server has gone away
CRITICAL - 2021-12-12 20:03:56 --> Unable to connect to the database.
#0 /app/system/Database/BaseConnection.php(618): CodeIgniter\Database\BaseConnection->initialize()
#1 /app/system/Database/BaseBuilder.php(1866): CodeIgniter\Database\BaseConnection->query()
#2 /app/app/Models/EvaluasiModel.php(236): CodeIgniter\Database\BaseBuilder->get()
#3 /app/app/Controllers/Home.php(18): App\Models\EvaluasiModel->findCettar()
#4 /app/system/CodeIgniter.php(936): App\Controllers\Home->index()
#5 /app/system/CodeIgniter.php(432): CodeIgniter\CodeIgniter->runController()
#6 /app/system/CodeIgniter.php(333): CodeIgniter\CodeIgniter->handleRequest()
#7 /app/public/index.php(45): CodeIgniter\CodeIgniter->run()
#8 {main}
INFO - 2021-12-12 20:04:06 --> Session: Class initialized using 'CodeIgniter\Session\Handlers\FileHandler' driver.
ERROR - 2021-12-12 20:04:06 --> Error connecting to the database: Unknown database 'sibekisar_apps'
CRITICAL - 2021-12-12 20:04:06 --> Unable to connect to the database.
#0 /app/system/Database/BaseConnection.php(618): CodeIgniter\Database\BaseConnection->initialize()
#1 /app/system/Database/BaseBuilder.php(1866): CodeIgniter\Database\BaseConnection->query()
#2 /app/app/Models/EvaluasiModel.php(236): CodeIgniter\Database\BaseBuilder->get()
#3 /app/app/Controllers/Home.php(18): App\Models\EvaluasiModel->findCettar()
#4 /app/system/CodeIgniter.php(936): App\Controllers\Home->index()
#5 /app/system/CodeIgniter.php(432): CodeIgniter\CodeIgniter->runController()
#6 /app/system/CodeIgniter.php(333): CodeIgniter\CodeIgniter->handleRequest()
#7 /app/public/index.php(45): CodeIgniter\CodeIgniter->run()
#8 {main}
INFO - 2021-12-12 20:22:13 --> Session: Class initialized using 'CodeIgniter\Session\Handlers\FileHandler' driver.
ERROR - 2021-12-12 20:22:13 --> Error connecting to the database: MySQL server has gone away
CRITICAL - 2021-12-12 20:22:13 --> Unable to connect to the database.
#0 /app/system/Database/BaseConnection.php(618): CodeIgniter\Database\BaseConnection->initialize()
#1 /app/system/Database/BaseBuilder.php(1866): CodeIgniter\Database\BaseConnection->query()
#2 /app/app/Models/MasterModel.php(225): CodeIgniter\Database\BaseBuilder->get()
#3 /app/app/Controllers/Read.php(54): App\Models\MasterModel->findMIndikator()
#4 /app/system/CodeIgniter.php(936): App\Controllers\Read->detail()
#5 /app/system/CodeIgniter.php(432): CodeIgniter\CodeIgniter->runController()
#6 /app/system/CodeIgniter.php(333): CodeIgniter\CodeIgniter->handleRequest()
#7 /app/public/index.php(45): CodeIgniter\CodeIgniter->run()
#8 {main}
INFO - 2021-12-12 20:45:49 --> Session: Class initialized using 'CodeIgniter\Session\Handlers\FileHandler' driver.
ERROR - 2021-12-12 20:45:49 --> Error connecting to the database: Unknown database 'sibekisar_apps'
CRITICAL - 2021-12-12 20:45:49 --> Unable to connect to the database.
#0 /app/system/Database/BaseConnection.php(618): CodeIgniter\Database\BaseConnection->initialize()
#1 /app/system/Database/BaseBuilder.php(1866): CodeIgniter\Database\BaseConnection->query()
#2 /app/app/Models/MasterModel.php(27): CodeIgniter\Database\BaseBuilder->get()
#3 /app/app/Controllers/Read.php(39): App\Models\MasterModel->getMUnit()
#4 /app/system/CodeIgniter.php(936): App\Controllers\Read->kab()
#5 /app/system/CodeIgniter.php(432): CodeIgniter\CodeIgniter->runController()
#6 /app/system/CodeIgniter.php(333): CodeIgniter\CodeIgniter->handleRequest()
#7 /app/public/index.php(45): CodeIgniter\CodeIgniter->run()
#8 {main}
INFO - 2021-12-12 20:53:59 --> Session: Class initialized using 'CodeIgniter\Session\Handlers\FileHandler' driver.
ERROR - 2021-12-12 20:53:59 --> Error connecting to the database: MySQL server has gone away
CRITICAL - 2021-12-12 20:53:59 --> Unable to connect to the database.
#0 /app/system/Database/BaseConnection.php(618): CodeIgniter\Database\BaseConnection->initialize()
#1 /app/system/Database/BaseBuilder.php(1866): CodeIgniter\Database\BaseConnection->query()
#2 /app/app/Models/MasterModel.php(27): CodeIgniter\Database\BaseBuilder->get()
#3 /app/app/Controllers/Read.php(39): App\Models\MasterModel->getMUnit()
#4 /app/system/CodeIgniter.php(936): App\Controllers\Read->kab()
#5 /app/system/CodeIgniter.php(432): CodeIgniter\CodeIgniter->runController()
#6 /app/system/CodeIgniter.php(333): CodeIgniter\CodeIgniter->handleRequest()
#7 /app/public/index.php(45): CodeIgniter\CodeIgniter->run()
#8 {main}
INFO - 2021-12-12 22:29:02 --> Session: Class initialized using 'CodeIgniter\Session\Handlers\FileHandler' driver.
ERROR - 2021-12-12 22:29:02 --> Error connecting to the database: MySQL server has gone away
CRITICAL - 2021-12-12 22:29:02 --> Unable to connect to the database.
#0 /app/system/Database/BaseConnection.php(618): CodeIgniter\Database\BaseConnection->initialize()
#1 /app/system/Database/BaseBuilder.php(1866): CodeIgniter\Database\BaseConnection->query()
#2 /app/app/Models/MasterModel.php(27): CodeIgniter\Database\BaseBuilder->get()
#3 /app/app/Controllers/Read.php(39): App\Models\MasterModel->getMUnit()
#4 /app/system/CodeIgniter.php(936): App\Controllers\Read->kab()
#5 /app/system/CodeIgniter.php(432): CodeIgniter\CodeIgniter->runController()
#6 /app/system/CodeIgniter.php(333): CodeIgniter\CodeIgniter->handleRequest()
#7 /app/public/index.php(45): CodeIgniter\CodeIgniter->run()
#8 {main}
INFO - 2021-12-12 22:49:50 --> Session: Class initialized using 'CodeIgniter\Session\Handlers\FileHandler' driver.
ERROR - 2021-12-12 22:49:50 --> Error connecting to the database: MySQL server has gone away
CRITICAL - 2021-12-12 22:49:50 --> Unable to connect to the database.
#0 /app/system/Database/BaseConnection.php(618): CodeIgniter\Database\BaseConnection->initialize()
#1 /app/system/Database/BaseBuilder.php(1866): CodeIgniter\Database\BaseConnection->query()
#2 /app/app/Models/MasterModel.php(27): CodeIgniter\Database\BaseBuilder->get()
#3 /app/app/Controllers/Read.php(25): App\Models\MasterModel->getMUnit()
#4 /app/system/CodeIgniter.php(936): App\Controllers\Read->opd()
#5 /app/system/CodeIgniter.php(432): CodeIgniter\CodeIgniter->runController()
#6 /app/system/CodeIgniter.php(333): CodeIgniter\CodeIgniter->handleRequest()
#7 /app/public/index.php(45): CodeIgniter\CodeIgniter->run()
#8 {main}
INFO - 2021-12-12 23:33:02 --> Session: Class initialized using 'CodeIgniter\Session\Handlers\FileHandler' driver.
ERROR - 2021-12-12 23:33:02 --> Error connecting to the database: Unknown database 'sibekisar_apps'
CRITICAL - 2021-12-12 23:33:02 --> Unable to connect to the database.
#0 /app/system/Database/BaseConnection.php(618): CodeIgniter\Database\BaseConnection->initialize()
#1 /app/system/Database/BaseBuilder.php(1866): CodeIgniter\Database\BaseConnection->query()
#2 /app/app/Models/MasterModel.php(27): CodeIgniter\Database\BaseBuilder->get()
#3 /app/app/Controllers/Read.php(39): App\Models\MasterModel->getMUnit()
#4 /app/system/CodeIgniter.php(936): App\Controllers\Read->kab()
#5 /app/system/CodeIgniter.php(432): CodeIgniter\CodeIgniter->runController()
#6 /app/system/CodeIgniter.php(333): CodeIgniter\CodeIgniter->handleRequest()
#7 /app/public/index.php(45): CodeIgniter\CodeIgniter->run()
#8 {main}
INFO - 2021-12-12 23:55:21 --> Session: Class initialized using 'CodeIgniter\Session\Handlers\FileHandler' driver.
ERROR - 2021-12-12 23:55:21 --> Error connecting to the database: MySQL server has gone away
CRITICAL - 2021-12-12 23:55:21 --> Unable to connect to the database.
#0 /app/system/Database/BaseConnection.php(618): CodeIgniter\Database\BaseConnection->initialize()
#1 /app/system/Database/BaseBuilder.php(1866): CodeIgniter\Database\BaseConnection->query()
#2 /app/app/Models/MasterModel.php(27): CodeIgniter\Database\BaseBuilder->get()
#3 /app/app/Controllers/Read.php(39): App\Models\MasterModel->getMUnit()
#4 /app/system/CodeIgniter.php(936): App\Controllers\Read->kab()
#5 /app/system/CodeIgniter.php(432): CodeIgniter\CodeIgniter->runController()
#6 /app/system/CodeIgniter.php(333): CodeIgniter\CodeIgniter->handleRequest()
#7 /app/public/index.php(45): CodeIgniter\CodeIgniter->run()
#8 {main}
