INFO - 2021-02-25 08:17:42 --> Session: Class initialized using 'CodeIgniter\Session\Handlers\FileHandler' driver.
WARNING - 2021-02-25 08:17:42 --> Session: Sessions is enabled, and one exists.Please don't $session->start();
INFO - 2021-02-25 08:17:47 --> Session: Class initialized using 'CodeIgniter\Session\Handlers\FileHandler' driver.
WARNING - 2021-02-25 08:17:47 --> Session: Sessions is enabled, and one exists.Please don't $session->start();
INFO - 2021-02-25 08:18:47 --> Session: Class initialized using 'CodeIgniter\Session\Handlers\FileHandler' driver.
WARNING - 2021-02-25 08:18:47 --> Session: Sessions is enabled, and one exists.Please don't $session->start();
INFO - 2021-02-25 08:18:56 --> Session: Class initialized using 'CodeIgniter\Session\Handlers\FileHandler' driver.
WARNING - 2021-02-25 08:18:56 --> Session: Sessions is enabled, and one exists.Please don't $session->start();
INFO - 2021-02-25 08:19:02 --> Session: Class initialized using 'CodeIgniter\Session\Handlers\FileHandler' driver.
WARNING - 2021-02-25 08:19:02 --> Session: Sessions is enabled, and one exists.Please don't $session->start();
INFO - 2021-02-25 08:19:18 --> Session: Class initialized using 'CodeIgniter\Session\Handlers\FileHandler' driver.
WARNING - 2021-02-25 08:19:18 --> Session: Sessions is enabled, and one exists.Please don't $session->start();
CRITICAL - 2021-02-25 08:20:32 --> Cache unable to write to /app/writable/cache/
#0 /app/system/Cache/Handlers/FileHandler.php(69): CodeIgniter\Cache\Exceptions\CacheException::forUnableToWrite()
#1 /app/system/Cache/CacheFactory.php(55): CodeIgniter\Cache\Handlers\FileHandler->__construct()
#2 /app/system/Config/Services.php(108): CodeIgniter\Cache\CacheFactory::getHandler()
#3 /app/system/Config/BaseService.php(100): CodeIgniter\Config\Services::cache()
#4 /app/system/Config/Services.php(103): CodeIgniter\Config\BaseService::getSharedInstance()
#5 /app/system/Config/BaseService.php(171): CodeIgniter\Config\Services::cache()
#6 /app/system/Common.php(71): CodeIgniter\Config\BaseService::__callStatic()
#7 /app/system/CodeIgniter.php(658): cache()
#8 /app/system/CodeIgniter.php(319): CodeIgniter\CodeIgniter->displayCache()
#9 /app/public/index.php(56): CodeIgniter\CodeIgniter->run()
#10 {main}
CRITICAL - 2021-02-25 08:20:50 --> Session: Configured save path "/app/writable/session" is not writable by the PHP process.
#0 /app/system/Session/Handlers/FileHandler.php(123): CodeIgniter\Session\Exceptions\SessionException::forWriteProtectedSavePath()
#1 [internal function]: CodeIgniter\Session\Handlers\FileHandler->open()
#2 /app/system/Session/Session.php(1027): session_start()
#3 /app/system/Session/Session.php(226): CodeIgniter\Session\Session->startSession()
#4 /app/system/Config/Services.php(714): CodeIgniter\Session\Session->start()
#5 /app/system/Config/BaseService.php(100): CodeIgniter\Config\Services::session()
#6 /app/system/Config/Services.php(699): CodeIgniter\Config\BaseService::getSharedInstance()
#7 /app/system/Config/BaseService.php(171): CodeIgniter\Config\Services::session()
#8 /app/app/Controllers/Auth.php(13): CodeIgniter\Config\BaseService::__callStatic()
#9 /app/system/CodeIgniter.php(908): App\Controllers\Auth->__construct()
#10 /app/system/CodeIgniter.php(422): CodeIgniter\CodeIgniter->createController()
#11 /app/system/CodeIgniter.php(333): CodeIgniter\CodeIgniter->handleRequest()
#12 /app/public/index.php(56): CodeIgniter\CodeIgniter->run()
#13 {main}
CRITICAL - 2021-02-25 08:20:51 --> Session: Configured save path "/app/writable/session" is not writable by the PHP process.
#0 /app/system/Session/Handlers/FileHandler.php(123): CodeIgniter\Session\Exceptions\SessionException::forWriteProtectedSavePath()
#1 [internal function]: CodeIgniter\Session\Handlers\FileHandler->open()
#2 /app/system/Session/Session.php(1027): session_start()
#3 /app/system/Session/Session.php(226): CodeIgniter\Session\Session->startSession()
#4 /app/system/Config/Services.php(714): CodeIgniter\Session\Session->start()
#5 /app/system/Config/BaseService.php(100): CodeIgniter\Config\Services::session()
#6 /app/system/Config/Services.php(699): CodeIgniter\Config\BaseService::getSharedInstance()
#7 /app/system/Config/BaseService.php(171): CodeIgniter\Config\Services::session()
#8 /app/app/Controllers/Auth.php(13): CodeIgniter\Config\BaseService::__callStatic()
#9 /app/system/CodeIgniter.php(908): App\Controllers\Auth->__construct()
#10 /app/system/CodeIgniter.php(422): CodeIgniter\CodeIgniter->createController()
#11 /app/system/CodeIgniter.php(333): CodeIgniter\CodeIgniter->handleRequest()
#12 /app/public/index.php(56): CodeIgniter\CodeIgniter->run()
#13 {main}
CRITICAL - 2021-02-25 08:20:52 --> Session: Configured save path "/app/writable/session" is not writable by the PHP process.
#0 /app/system/Session/Handlers/FileHandler.php(123): CodeIgniter\Session\Exceptions\SessionException::forWriteProtectedSavePath()
#1 [internal function]: CodeIgniter\Session\Handlers\FileHandler->open()
#2 /app/system/Session/Session.php(1027): session_start()
#3 /app/system/Session/Session.php(226): CodeIgniter\Session\Session->startSession()
#4 /app/system/Config/Services.php(714): CodeIgniter\Session\Session->start()
#5 /app/system/Config/BaseService.php(100): CodeIgniter\Config\Services::session()
#6 /app/system/Config/Services.php(699): CodeIgniter\Config\BaseService::getSharedInstance()
#7 /app/system/Config/BaseService.php(171): CodeIgniter\Config\Services::session()
#8 /app/app/Controllers/Auth.php(13): CodeIgniter\Config\BaseService::__callStatic()
#9 /app/system/CodeIgniter.php(908): App\Controllers\Auth->__construct()
#10 /app/system/CodeIgniter.php(422): CodeIgniter\CodeIgniter->createController()
#11 /app/system/CodeIgniter.php(333): CodeIgniter\CodeIgniter->handleRequest()
#12 /app/public/index.php(56): CodeIgniter\CodeIgniter->run()
#13 {main}
CRITICAL - 2021-02-25 08:20:52 --> Session: Configured save path "/app/writable/session" is not writable by the PHP process.
#0 /app/system/Session/Handlers/FileHandler.php(123): CodeIgniter\Session\Exceptions\SessionException::forWriteProtectedSavePath()
#1 [internal function]: CodeIgniter\Session\Handlers\FileHandler->open()
#2 /app/system/Session/Session.php(1027): session_start()
#3 /app/system/Session/Session.php(226): CodeIgniter\Session\Session->startSession()
#4 /app/system/Config/Services.php(714): CodeIgniter\Session\Session->start()
#5 /app/system/Config/BaseService.php(100): CodeIgniter\Config\Services::session()
#6 /app/system/Config/Services.php(699): CodeIgniter\Config\BaseService::getSharedInstance()
#7 /app/system/Config/BaseService.php(171): CodeIgniter\Config\Services::session()
#8 /app/app/Controllers/Auth.php(13): CodeIgniter\Config\BaseService::__callStatic()
#9 /app/system/CodeIgniter.php(908): App\Controllers\Auth->__construct()
#10 /app/system/CodeIgniter.php(422): CodeIgniter\CodeIgniter->createController()
#11 /app/system/CodeIgniter.php(333): CodeIgniter\CodeIgniter->handleRequest()
#12 /app/public/index.php(56): CodeIgniter\CodeIgniter->run()
#13 {main}
CRITICAL - 2021-02-25 08:20:52 --> Session: Configured save path "/app/writable/session" is not writable by the PHP process.
#0 /app/system/Session/Handlers/FileHandler.php(123): CodeIgniter\Session\Exceptions\SessionException::forWriteProtectedSavePath()
#1 [internal function]: CodeIgniter\Session\Handlers\FileHandler->open()
#2 /app/system/Session/Session.php(1027): session_start()
#3 /app/system/Session/Session.php(226): CodeIgniter\Session\Session->startSession()
#4 /app/system/Config/Services.php(714): CodeIgniter\Session\Session->start()
#5 /app/system/Config/BaseService.php(100): CodeIgniter\Config\Services::session()
#6 /app/system/Config/Services.php(699): CodeIgniter\Config\BaseService::getSharedInstance()
#7 /app/system/Config/BaseService.php(171): CodeIgniter\Config\Services::session()
#8 /app/app/Controllers/Auth.php(13): CodeIgniter\Config\BaseService::__callStatic()
#9 /app/system/CodeIgniter.php(908): App\Controllers\Auth->__construct()
#10 /app/system/CodeIgniter.php(422): CodeIgniter\CodeIgniter->createController()
#11 /app/system/CodeIgniter.php(333): CodeIgniter\CodeIgniter->handleRequest()
#12 /app/public/index.php(56): CodeIgniter\CodeIgniter->run()
#13 {main}
CRITICAL - 2021-02-25 08:20:52 --> Session: Configured save path "/app/writable/session" is not writable by the PHP process.
#0 /app/system/Session/Handlers/FileHandler.php(123): CodeIgniter\Session\Exceptions\SessionException::forWriteProtectedSavePath()
#1 [internal function]: CodeIgniter\Session\Handlers\FileHandler->open()
#2 /app/system/Session/Session.php(1027): session_start()
#3 /app/system/Session/Session.php(226): CodeIgniter\Session\Session->startSession()
#4 /app/system/Config/Services.php(714): CodeIgniter\Session\Session->start()
#5 /app/system/Config/BaseService.php(100): CodeIgniter\Config\Services::session()
#6 /app/system/Config/Services.php(699): CodeIgniter\Config\BaseService::getSharedInstance()
#7 /app/system/Config/BaseService.php(171): CodeIgniter\Config\Services::session()
#8 /app/app/Controllers/Auth.php(13): CodeIgniter\Config\BaseService::__callStatic()
#9 /app/system/CodeIgniter.php(908): App\Controllers\Auth->__construct()
#10 /app/system/CodeIgniter.php(422): CodeIgniter\CodeIgniter->createController()
#11 /app/system/CodeIgniter.php(333): CodeIgniter\CodeIgniter->handleRequest()
#12 /app/public/index.php(56): CodeIgniter\CodeIgniter->run()
#13 {main}
CRITICAL - 2021-02-25 08:21:02 --> Session: Configured save path "/app/writable/session" is not writable by the PHP process.
#0 /app/system/Session/Handlers/FileHandler.php(123): CodeIgniter\Session\Exceptions\SessionException::forWriteProtectedSavePath()
#1 [internal function]: CodeIgniter\Session\Handlers\FileHandler->open()
#2 /app/system/Session/Session.php(1027): session_start()
#3 /app/system/Session/Session.php(226): CodeIgniter\Session\Session->startSession()
#4 /app/system/Config/Services.php(714): CodeIgniter\Session\Session->start()
#5 /app/system/Config/BaseService.php(100): CodeIgniter\Config\Services::session()
#6 /app/system/Config/Services.php(699): CodeIgniter\Config\BaseService::getSharedInstance()
#7 /app/system/Config/BaseService.php(171): CodeIgniter\Config\Services::session()
#8 /app/app/Controllers/Auth.php(13): CodeIgniter\Config\BaseService::__callStatic()
#9 /app/system/CodeIgniter.php(908): App\Controllers\Auth->__construct()
#10 /app/system/CodeIgniter.php(422): CodeIgniter\CodeIgniter->createController()
#11 /app/system/CodeIgniter.php(333): CodeIgniter\CodeIgniter->handleRequest()
#12 /app/public/index.php(56): CodeIgniter\CodeIgniter->run()
#13 {main}
INFO - 2021-02-25 08:21:08 --> Session: Class initialized using 'CodeIgniter\Session\Handlers\FileHandler' driver.
WARNING - 2021-02-25 08:21:08 --> Session: Sessions is enabled, and one exists.Please don't $session->start();
INFO - 2021-02-25 08:21:48 --> Session: Class initialized using 'CodeIgniter\Session\Handlers\FileHandler' driver.
WARNING - 2021-02-25 08:21:48 --> Session: Sessions is enabled, and one exists.Please don't $session->start();
INFO - 2021-02-25 08:24:14 --> Session: Class initialized using 'CodeIgniter\Session\Handlers\FileHandler' driver.
WARNING - 2021-02-25 08:24:14 --> Session: Sessions is enabled, and one exists.Please don't $session->start();
INFO - 2021-02-25 08:24:17 --> Session: Class initialized using 'CodeIgniter\Session\Handlers\FileHandler' driver.
WARNING - 2021-02-25 08:24:17 --> Session: Sessions is enabled, and one exists.Please don't $session->start();
INFO - 2021-02-25 08:28:02 --> Session: Class initialized using 'CodeIgniter\Session\Handlers\FileHandler' driver.
WARNING - 2021-02-25 08:28:02 --> Session: Sessions is enabled, and one exists.Please don't $session->start();
INFO - 2021-02-25 08:30:13 --> Session: Class initialized using 'CodeIgniter\Session\Handlers\FileHandler' driver.
WARNING - 2021-02-25 08:30:13 --> Session: Sessions is enabled, and one exists.Please don't $session->start();
INFO - 2021-02-25 08:32:23 --> Session: Class initialized using 'CodeIgniter\Session\Handlers\FileHandler' driver.
WARNING - 2021-02-25 08:32:23 --> Session: Sessions is enabled, and one exists.Please don't $session->start();
INFO - 2021-02-25 08:32:34 --> Session: Class initialized using 'CodeIgniter\Session\Handlers\FileHandler' driver.
WARNING - 2021-02-25 08:32:34 --> Session: Sessions is enabled, and one exists.Please don't $session->start();
INFO - 2021-02-25 08:32:37 --> Session: Class initialized using 'CodeIgniter\Session\Handlers\FileHandler' driver.
INFO - 2021-02-25 08:37:12 --> Session: Class initialized using 'CodeIgniter\Session\Handlers\FileHandler' driver.
INFO - 2021-02-25 08:37:49 --> Session: Class initialized using 'CodeIgniter\Session\Handlers\FileHandler' driver.
WARNING - 2021-02-25 08:37:49 --> Session: Sessions is enabled, and one exists.Please don't $session->start();
INFO - 2021-02-25 08:38:50 --> Session: Class initialized using 'CodeIgniter\Session\Handlers\FileHandler' driver.
WARNING - 2021-02-25 08:38:50 --> Session: Sessions is enabled, and one exists.Please don't $session->start();
INFO - 2021-02-25 08:38:57 --> Session: Class initialized using 'CodeIgniter\Session\Handlers\FileHandler' driver.
WARNING - 2021-02-25 08:38:57 --> Session: Sessions is enabled, and one exists.Please don't $session->start();
INFO - 2021-02-25 08:39:00 --> Session: Class initialized using 'CodeIgniter\Session\Handlers\FileHandler' driver.
INFO - 2021-02-25 08:39:08 --> Session: Class initialized using 'CodeIgniter\Session\Handlers\FileHandler' driver.
WARNING - 2021-02-25 08:39:08 --> Session: Sessions is enabled, and one exists.Please don't $session->start();
INFO - 2021-02-25 08:48:17 --> Session: Class initialized using 'CodeIgniter\Session\Handlers\FileHandler' driver.
WARNING - 2021-02-25 08:48:17 --> Session: Sessions is enabled, and one exists.Please don't $session->start();
INFO - 2021-02-25 08:48:23 --> Session: Class initialized using 'CodeIgniter\Session\Handlers\FileHandler' driver.
WARNING - 2021-02-25 08:48:23 --> Session: Sessions is enabled, and one exists.Please don't $session->start();
INFO - 2021-02-25 08:48:26 --> Session: Class initialized using 'CodeIgniter\Session\Handlers\FileHandler' driver.
INFO - 2021-02-25 08:48:32 --> Session: Class initialized using 'CodeIgniter\Session\Handlers\FileHandler' driver.
INFO - 2021-02-25 08:48:33 --> Session: Class initialized using 'CodeIgniter\Session\Handlers\FileHandler' driver.
INFO - 2021-02-25 08:48:36 --> Session: Class initialized using 'CodeIgniter\Session\Handlers\FileHandler' driver.
INFO - 2021-02-25 08:53:58 --> Session: Class initialized using 'CodeIgniter\Session\Handlers\FileHandler' driver.
WARNING - 2021-02-25 08:53:58 --> Session: Sessions is enabled, and one exists.Please don't $session->start();
INFO - 2021-02-25 08:54:31 --> Session: Class initialized using 'CodeIgniter\Session\Handlers\FileHandler' driver.
INFO - 2021-02-25 08:54:32 --> Session: Class initialized using 'CodeIgniter\Session\Handlers\FileHandler' driver.
INFO - 2021-02-25 08:54:40 --> Session: Class initialized using 'CodeIgniter\Session\Handlers\FileHandler' driver.
INFO - 2021-02-25 08:54:42 --> Session: Class initialized using 'CodeIgniter\Session\Handlers\FileHandler' driver.
INFO - 2021-02-25 08:54:43 --> Session: Class initialized using 'CodeIgniter\Session\Handlers\FileHandler' driver.
INFO - 2021-02-25 09:00:00 --> Session: Class initialized using 'CodeIgniter\Session\Handlers\FileHandler' driver.
INFO - 2021-02-25 09:00:01 --> Session: Class initialized using 'CodeIgniter\Session\Handlers\FileHandler' driver.
INFO - 2021-02-25 09:00:02 --> Session: Class initialized using 'CodeIgniter\Session\Handlers\FileHandler' driver.
INFO - 2021-02-25 09:00:07 --> Session: Class initialized using 'CodeIgniter\Session\Handlers\FileHandler' driver.
INFO - 2021-02-25 09:00:08 --> Session: Class initialized using 'CodeIgniter\Session\Handlers\FileHandler' driver.
INFO - 2021-02-25 09:00:21 --> Session: Class initialized using 'CodeIgniter\Session\Handlers\FileHandler' driver.
INFO - 2021-02-25 09:03:14 --> Session: Class initialized using 'CodeIgniter\Session\Handlers\FileHandler' driver.
WARNING - 2021-02-25 09:03:14 --> Session: Sessions is enabled, and one exists.Please don't $session->start();
INFO - 2021-02-25 09:03:27 --> Session: Class initialized using 'CodeIgniter\Session\Handlers\FileHandler' driver.
WARNING - 2021-02-25 09:03:27 --> Session: Sessions is enabled, and one exists.Please don't $session->start();
INFO - 2021-02-25 09:03:27 --> Session: Class initialized using 'CodeIgniter\Session\Handlers\FileHandler' driver.
WARNING - 2021-02-25 09:03:27 --> Session: Sessions is enabled, and one exists.Please don't $session->start();
INFO - 2021-02-25 09:03:52 --> Session: Class initialized using 'CodeIgniter\Session\Handlers\FileHandler' driver.
WARNING - 2021-02-25 09:03:52 --> Session: Sessions is enabled, and one exists.Please don't $session->start();
INFO - 2021-02-25 09:04:05 --> Session: Class initialized using 'CodeIgniter\Session\Handlers\FileHandler' driver.
WARNING - 2021-02-25 09:04:05 --> Session: Sessions is enabled, and one exists.Please don't $session->start();
INFO - 2021-02-25 09:11:37 --> Session: Class initialized using 'CodeIgniter\Session\Handlers\FileHandler' driver.
WARNING - 2021-02-25 09:11:37 --> Session: Sessions is enabled, and one exists.Please don't $session->start();
INFO - 2021-02-25 09:15:40 --> Session: Class initialized using 'CodeIgniter\Session\Handlers\FileHandler' driver.
INFO - 2021-02-25 09:15:41 --> Session: Class initialized using 'CodeIgniter\Session\Handlers\FileHandler' driver.
INFO - 2021-02-25 09:15:56 --> Session: Class initialized using 'CodeIgniter\Session\Handlers\FileHandler' driver.
INFO - 2021-02-25 09:15:57 --> Session: Class initialized using 'CodeIgniter\Session\Handlers\FileHandler' driver.
INFO - 2021-02-25 09:15:58 --> Session: Class initialized using 'CodeIgniter\Session\Handlers\FileHandler' driver.
INFO - 2021-02-25 09:15:59 --> Session: Class initialized using 'CodeIgniter\Session\Handlers\FileHandler' driver.
INFO - 2021-02-25 09:16:01 --> Session: Class initialized using 'CodeIgniter\Session\Handlers\FileHandler' driver.
INFO - 2021-02-25 09:16:02 --> Session: Class initialized using 'CodeIgniter\Session\Handlers\FileHandler' driver.
INFO - 2021-02-25 09:16:03 --> Session: Class initialized using 'CodeIgniter\Session\Handlers\FileHandler' driver.
INFO - 2021-02-25 09:16:04 --> Session: Class initialized using 'CodeIgniter\Session\Handlers\FileHandler' driver.
INFO - 2021-02-25 09:16:09 --> Session: Class initialized using 'CodeIgniter\Session\Handlers\FileHandler' driver.
INFO - 2021-02-25 09:16:10 --> Session: Class initialized using 'CodeIgniter\Session\Handlers\FileHandler' driver.
INFO - 2021-02-25 09:16:15 --> Session: Class initialized using 'CodeIgniter\Session\Handlers\FileHandler' driver.
INFO - 2021-02-25 09:16:16 --> Session: Class initialized using 'CodeIgniter\Session\Handlers\FileHandler' driver.
INFO - 2021-02-25 09:16:21 --> Session: Class initialized using 'CodeIgniter\Session\Handlers\FileHandler' driver.
INFO - 2021-02-25 09:16:22 --> Session: Class initialized using 'CodeIgniter\Session\Handlers\FileHandler' driver.
INFO - 2021-02-25 09:16:37 --> Session: Class initialized using 'CodeIgniter\Session\Handlers\FileHandler' driver.
WARNING - 2021-02-25 09:16:37 --> Session: Sessions is enabled, and one exists.Please don't $session->start();
INFO - 2021-02-25 09:16:49 --> Session: Class initialized using 'CodeIgniter\Session\Handlers\FileHandler' driver.
WARNING - 2021-02-25 09:16:49 --> Session: Sessions is enabled, and one exists.Please don't $session->start();
INFO - 2021-02-25 09:16:52 --> Session: Class initialized using 'CodeIgniter\Session\Handlers\FileHandler' driver.
INFO - 2021-02-25 09:18:17 --> Session: Class initialized using 'CodeIgniter\Session\Handlers\FileHandler' driver.
INFO - 2021-02-25 09:18:30 --> Session: Class initialized using 'CodeIgniter\Session\Handlers\FileHandler' driver.
INFO - 2021-02-25 09:18:31 --> Session: Class initialized using 'CodeIgniter\Session\Handlers\FileHandler' driver.
INFO - 2021-02-25 09:18:38 --> Session: Class initialized using 'CodeIgniter\Session\Handlers\FileHandler' driver.
INFO - 2021-02-25 09:18:48 --> Session: Class initialized using 'CodeIgniter\Session\Handlers\FileHandler' driver.
INFO - 2021-02-25 09:18:48 --> Session: Class initialized using 'CodeIgniter\Session\Handlers\FileHandler' driver.
INFO - 2021-02-25 09:22:17 --> Session: Class initialized using 'CodeIgniter\Session\Handlers\FileHandler' driver.
WARNING - 2021-02-25 09:22:17 --> Session: Sessions is enabled, and one exists.Please don't $session->start();
INFO - 2021-02-25 09:24:20 --> Session: Class initialized using 'CodeIgniter\Session\Handlers\FileHandler' driver.
WARNING - 2021-02-25 09:24:20 --> Session: Sessions is enabled, and one exists.Please don't $session->start();
INFO - 2021-02-25 09:27:27 --> Session: Class initialized using 'CodeIgniter\Session\Handlers\FileHandler' driver.
INFO - 2021-02-25 09:31:46 --> Session: Class initialized using 'CodeIgniter\Session\Handlers\FileHandler' driver.
WARNING - 2021-02-25 09:31:46 --> Session: Sessions is enabled, and one exists.Please don't $session->start();
INFO - 2021-02-25 09:32:35 --> Session: Class initialized using 'CodeIgniter\Session\Handlers\FileHandler' driver.
WARNING - 2021-02-25 09:32:35 --> Session: Sessions is enabled, and one exists.Please don't $session->start();
INFO - 2021-02-25 09:32:38 --> Session: Class initialized using 'CodeIgniter\Session\Handlers\FileHandler' driver.
INFO - 2021-02-25 09:32:44 --> Session: Class initialized using 'CodeIgniter\Session\Handlers\FileHandler' driver.
WARNING - 2021-02-25 09:32:44 --> Session: Sessions is enabled, and one exists.Please don't $session->start();
INFO - 2021-02-25 09:32:47 --> Session: Class initialized using 'CodeIgniter\Session\Handlers\FileHandler' driver.
WARNING - 2021-02-25 09:32:47 --> Session: Sessions is enabled, and one exists.Please don't $session->start();
INFO - 2021-02-25 09:32:52 --> Session: Class initialized using 'CodeIgniter\Session\Handlers\FileHandler' driver.
WARNING - 2021-02-25 09:32:52 --> Session: Sessions is enabled, and one exists.Please don't $session->start();
INFO - 2021-02-25 09:32:58 --> Session: Class initialized using 'CodeIgniter\Session\Handlers\FileHandler' driver.
WARNING - 2021-02-25 09:32:58 --> Session: Sessions is enabled, and one exists.Please don't $session->start();
INFO - 2021-02-25 09:33:00 --> Session: Class initialized using 'CodeIgniter\Session\Handlers\FileHandler' driver.
INFO - 2021-02-25 09:35:05 --> Session: Class initialized using 'CodeIgniter\Session\Handlers\FileHandler' driver.
INFO - 2021-02-25 09:35:06 --> Session: Class initialized using 'CodeIgniter\Session\Handlers\FileHandler' driver.
INFO - 2021-02-25 09:36:00 --> Session: Class initialized using 'CodeIgniter\Session\Handlers\FileHandler' driver.
INFO - 2021-02-25 09:36:15 --> Session: Class initialized using 'CodeIgniter\Session\Handlers\FileHandler' driver.
INFO - 2021-02-25 09:36:16 --> Session: Class initialized using 'CodeIgniter\Session\Handlers\FileHandler' driver.
INFO - 2021-02-25 09:39:05 --> Session: Class initialized using 'CodeIgniter\Session\Handlers\FileHandler' driver.
WARNING - 2021-02-25 09:39:05 --> Session: Sessions is enabled, and one exists.Please don't $session->start();
INFO - 2021-02-25 09:53:51 --> Session: Class initialized using 'CodeIgniter\Session\Handlers\FileHandler' driver.
WARNING - 2021-02-25 09:53:51 --> Session: Sessions is enabled, and one exists.Please don't $session->start();
INFO - 2021-02-25 09:53:54 --> Session: Class initialized using 'CodeIgniter\Session\Handlers\FileHandler' driver.
INFO - 2021-02-25 09:55:14 --> Session: Class initialized using 'CodeIgniter\Session\Handlers\FileHandler' driver.
WARNING - 2021-02-25 09:55:14 --> Session: Sessions is enabled, and one exists.Please don't $session->start();
INFO - 2021-02-25 09:55:18 --> Session: Class initialized using 'CodeIgniter\Session\Handlers\FileHandler' driver.
WARNING - 2021-02-25 09:55:18 --> Session: Sessions is enabled, and one exists.Please don't $session->start();
INFO - 2021-02-25 09:55:27 --> Session: Class initialized using 'CodeIgniter\Session\Handlers\FileHandler' driver.
WARNING - 2021-02-25 09:55:27 --> Session: Sessions is enabled, and one exists.Please don't $session->start();
INFO - 2021-02-25 09:55:29 --> Session: Class initialized using 'CodeIgniter\Session\Handlers\FileHandler' driver.
INFO - 2021-02-25 19:19:07 --> Session: Class initialized using 'CodeIgniter\Session\Handlers\FileHandler' driver.
