CRITICAL - 2024-07-31 09:53:49 --> Call to undefined function CodeIgniter\locale_set_default()
#0 C:\xampp\htdocs\01_Aplikasi_Biro\sibekisar\system\bootstrap.php(159): CodeIgniter\CodeIgniter->initialize()
#1 C:\xampp\htdocs\01_Aplikasi_Biro\sibekisar\public\index.php(36): require('C:\\xampp\\htdocs...')
#2 {main}
CRITICAL - 2024-07-31 09:53:54 --> Call to undefined function CodeIgniter\locale_set_default()
#0 C:\xampp\htdocs\01_Aplikasi_Biro\sibekisar\system\bootstrap.php(159): CodeIgniter\CodeIgniter->initialize()
#1 C:\xampp\htdocs\01_Aplikasi_Biro\sibekisar\public\index.php(36): require('C:\\xampp\\htdocs...')
#2 {main}
INFO - 2024-07-31 02:54:05 --> Session: Class initialized using 'CodeIgniter\Session\Handlers\FileHandler' driver.
INFO - 2024-07-31 02:54:06 --> Session: Class initialized using 'CodeIgniter\Session\Handlers\FileHandler' driver.
INFO - 2024-07-31 02:54:06 --> Session: Class initialized using 'CodeIgniter\Session\Handlers\FileHandler' driver.
INFO - 2024-07-31 02:54:06 --> Session: Class initialized using 'CodeIgniter\Session\Handlers\FileHandler' driver.
INFO - 2024-07-31 02:54:06 --> Session: Class initialized using 'CodeIgniter\Session\Handlers\FileHandler' driver.
INFO - 2024-07-31 02:54:06 --> Session: Class initialized using 'CodeIgniter\Session\Handlers\FileHandler' driver.
INFO - 2024-07-31 02:54:06 --> Session: Class initialized using 'CodeIgniter\Session\Handlers\FileHandler' driver.
INFO - 2024-07-31 02:54:40 --> Session: Class initialized using 'CodeIgniter\Session\Handlers\FileHandler' driver.
WARNING - 2024-07-31 02:54:40 --> Session: Sessions is enabled, and one exists.Please don't $session->start();
INFO - 2024-07-31 02:54:46 --> Session: Class initialized using 'CodeIgniter\Session\Handlers\FileHandler' driver.
WARNING - 2024-07-31 02:54:46 --> Session: Sessions is enabled, and one exists.Please don't $session->start();
INFO - 2024-07-31 02:54:48 --> Session: Class initialized using 'CodeIgniter\Session\Handlers\FileHandler' driver.
INFO - 2024-07-31 02:54:50 --> Session: Class initialized using 'CodeIgniter\Session\Handlers\FileHandler' driver.
INFO - 2024-07-31 02:54:50 --> Session: Class initialized using 'CodeIgniter\Session\Handlers\FileHandler' driver.
INFO - 2024-07-31 02:54:50 --> Session: Class initialized using 'CodeIgniter\Session\Handlers\FileHandler' driver.
INFO - 2024-07-31 02:54:50 --> Session: Class initialized using 'CodeIgniter\Session\Handlers\FileHandler' driver.
INFO - 2024-07-31 02:54:50 --> Session: Class initialized using 'CodeIgniter\Session\Handlers\FileHandler' driver.
INFO - 2024-07-31 02:54:50 --> Session: Class initialized using 'CodeIgniter\Session\Handlers\FileHandler' driver.
INFO - 2024-07-31 02:54:52 --> Session: Class initialized using 'CodeIgniter\Session\Handlers\FileHandler' driver.
INFO - 2024-07-31 02:54:53 --> Session: Class initialized using 'CodeIgniter\Session\Handlers\FileHandler' driver.
INFO - 2024-07-31 02:55:30 --> Session: Class initialized using 'CodeIgniter\Session\Handlers\FileHandler' driver.
INFO - 2024-07-31 02:55:31 --> Session: Class initialized using 'CodeIgniter\Session\Handlers\FileHandler' driver.
INFO - 2024-07-31 02:55:35 --> Session: Class initialized using 'CodeIgniter\Session\Handlers\FileHandler' driver.
INFO - 2024-07-31 02:55:35 --> Session: Class initialized using 'CodeIgniter\Session\Handlers\FileHandler' driver.
