INFO - 2022-03-19 03:20:24 --> Session: Class initialized using 'CodeIgniter\Session\Handlers\FileHandler' driver.
ERROR - 2022-03-19 03:20:24 --> Error connecting to the database: php_network_getaddresses: getaddrinfo failed: Temporary failure in name resolution
CRITICAL - 2022-03-19 03:20:24 --> Unable to connect to the database.
#0 /app/system/Database/BaseConnection.php(618): CodeIgniter\Database\BaseConnection->initialize()
#1 /app/system/Database/BaseBuilder.php(1866): CodeIgniter\Database\BaseConnection->query()
#2 /app/app/Models/MasterModel.php(60): CodeIgniter\Database\BaseBuilder->get()
#3 /app/app/Controllers/Read.php(42): App\Models\MasterModel->findMUnit()
#4 /app/system/CodeIgniter.php(936): App\Controllers\Read->kab()
#5 /app/system/CodeIgniter.php(432): CodeIgniter\CodeIgniter->runController()
#6 /app/system/CodeIgniter.php(333): CodeIgniter\CodeIgniter->handleRequest()
#7 /app/public/index.php(45): CodeIgniter\CodeIgniter->run()
#8 {main}
INFO - 2022-03-19 05:09:32 --> Session: Class initialized using 'CodeIgniter\Session\Handlers\FileHandler' driver.
ERROR - 2022-03-19 05:09:32 --> Error connecting to the database: php_network_getaddresses: getaddrinfo failed: Temporary failure in name resolution
CRITICAL - 2022-03-19 05:09:32 --> Unable to connect to the database.
#0 /app/system/Database/BaseConnection.php(618): CodeIgniter\Database\BaseConnection->initialize()
#1 /app/system/Database/BaseBuilder.php(1866): CodeIgniter\Database\BaseConnection->query()
#2 /app/app/Models/EvaluasiModel.php(238): CodeIgniter\Database\BaseBuilder->get()
#3 /app/app/Controllers/Home.php(18): App\Models\EvaluasiModel->findCettar()
#4 /app/system/CodeIgniter.php(936): App\Controllers\Home->index()
#5 /app/system/CodeIgniter.php(432): CodeIgniter\CodeIgniter->runController()
#6 /app/system/CodeIgniter.php(333): CodeIgniter\CodeIgniter->handleRequest()
#7 /app/public/index.php(45): CodeIgniter\CodeIgniter->run()
#8 {main}
INFO - 2022-03-19 05:29:41 --> Session: Class initialized using 'CodeIgniter\Session\Handlers\FileHandler' driver.
ERROR - 2022-03-19 05:29:41 --> Error connecting to the database: php_network_getaddresses: getaddrinfo failed: Temporary failure in name resolution
CRITICAL - 2022-03-19 05:29:41 --> Unable to connect to the database.
#0 /app/system/Database/BaseConnection.php(618): CodeIgniter\Database\BaseConnection->initialize()
#1 /app/system/Database/BaseBuilder.php(1866): CodeIgniter\Database\BaseConnection->query()
#2 /app/app/Models/EvaluasiModel.php(238): CodeIgniter\Database\BaseBuilder->get()
#3 /app/app/Controllers/Home.php(18): App\Models\EvaluasiModel->findCettar()
#4 /app/system/CodeIgniter.php(936): App\Controllers\Home->index()
#5 /app/system/CodeIgniter.php(432): CodeIgniter\CodeIgniter->runController()
#6 /app/system/CodeIgniter.php(333): CodeIgniter\CodeIgniter->handleRequest()
#7 /app/public/index.php(45): CodeIgniter\CodeIgniter->run()
#8 {main}
INFO - 2022-03-19 05:47:25 --> Session: Class initialized using 'CodeIgniter\Session\Handlers\FileHandler' driver.
ERROR - 2022-03-19 05:47:25 --> Error connecting to the database: php_network_getaddresses: getaddrinfo failed: Temporary failure in name resolution
CRITICAL - 2022-03-19 05:47:25 --> Unable to connect to the database.
#0 /app/system/Database/BaseConnection.php(618): CodeIgniter\Database\BaseConnection->initialize()
#1 /app/system/Database/BaseBuilder.php(1866): CodeIgniter\Database\BaseConnection->query()
#2 /app/app/Models/EvaluasiModel.php(238): CodeIgniter\Database\BaseBuilder->get()
#3 /app/app/Controllers/Home.php(18): App\Models\EvaluasiModel->findCettar()
#4 /app/system/CodeIgniter.php(936): App\Controllers\Home->index()
#5 /app/system/CodeIgniter.php(432): CodeIgniter\CodeIgniter->runController()
#6 /app/system/CodeIgniter.php(333): CodeIgniter\CodeIgniter->handleRequest()
#7 /app/public/index.php(45): CodeIgniter\CodeIgniter->run()
#8 {main}
INFO - 2022-03-19 05:52:39 --> Session: Class initialized using 'CodeIgniter\Session\Handlers\FileHandler' driver.
ERROR - 2022-03-19 05:52:39 --> Error connecting to the database: php_network_getaddresses: getaddrinfo failed: Temporary failure in name resolution
CRITICAL - 2022-03-19 05:52:39 --> Unable to connect to the database.
#0 /app/system/Database/BaseConnection.php(618): CodeIgniter\Database\BaseConnection->initialize()
#1 /app/system/Database/BaseBuilder.php(1866): CodeIgniter\Database\BaseConnection->query()
#2 /app/app/Models/EvaluasiModel.php(238): CodeIgniter\Database\BaseBuilder->get()
#3 /app/app/Controllers/Home.php(18): App\Models\EvaluasiModel->findCettar()
#4 /app/system/CodeIgniter.php(936): App\Controllers\Home->index()
#5 /app/system/CodeIgniter.php(432): CodeIgniter\CodeIgniter->runController()
#6 /app/system/CodeIgniter.php(333): CodeIgniter\CodeIgniter->handleRequest()
#7 /app/public/index.php(45): CodeIgniter\CodeIgniter->run()
#8 {main}
INFO - 2022-03-19 05:52:39 --> Session: Class initialized using 'CodeIgniter\Session\Handlers\FileHandler' driver.
ERROR - 2022-03-19 05:52:39 --> Error connecting to the database: php_network_getaddresses: getaddrinfo failed: Temporary failure in name resolution
CRITICAL - 2022-03-19 05:52:39 --> Unable to connect to the database.
#0 /app/system/Database/BaseConnection.php(618): CodeIgniter\Database\BaseConnection->initialize()
#1 /app/system/Database/BaseBuilder.php(1866): CodeIgniter\Database\BaseConnection->query()
#2 /app/app/Models/EvaluasiModel.php(238): CodeIgniter\Database\BaseBuilder->get()
#3 /app/app/Controllers/Home.php(18): App\Models\EvaluasiModel->findCettar()
#4 /app/system/CodeIgniter.php(936): App\Controllers\Home->index()
#5 /app/system/CodeIgniter.php(432): CodeIgniter\CodeIgniter->runController()
#6 /app/system/CodeIgniter.php(333): CodeIgniter\CodeIgniter->handleRequest()
#7 /app/public/index.php(45): CodeIgniter\CodeIgniter->run()
#8 {main}
INFO - 2022-03-19 06:16:36 --> Session: Class initialized using 'CodeIgniter\Session\Handlers\FileHandler' driver.
ERROR - 2022-03-19 06:16:36 --> Error connecting to the database: php_network_getaddresses: getaddrinfo failed: Temporary failure in name resolution
CRITICAL - 2022-03-19 06:16:36 --> Unable to connect to the database.
#0 /app/system/Database/BaseConnection.php(618): CodeIgniter\Database\BaseConnection->initialize()
#1 /app/system/Database/BaseBuilder.php(1866): CodeIgniter\Database\BaseConnection->query()
#2 /app/app/Models/EvaluasiModel.php(238): CodeIgniter\Database\BaseBuilder->get()
#3 /app/app/Controllers/Home.php(18): App\Models\EvaluasiModel->findCettar()
#4 /app/system/CodeIgniter.php(936): App\Controllers\Home->index()
#5 /app/system/CodeIgniter.php(432): CodeIgniter\CodeIgniter->runController()
#6 /app/system/CodeIgniter.php(333): CodeIgniter\CodeIgniter->handleRequest()
#7 /app/public/index.php(45): CodeIgniter\CodeIgniter->run()
#8 {main}
INFO - 2022-03-19 07:05:39 --> Session: Class initialized using 'CodeIgniter\Session\Handlers\FileHandler' driver.
ERROR - 2022-03-19 07:05:39 --> Error connecting to the database: php_network_getaddresses: getaddrinfo failed: Temporary failure in name resolution
CRITICAL - 2022-03-19 07:05:39 --> Unable to connect to the database.
#0 /app/system/Database/BaseConnection.php(618): CodeIgniter\Database\BaseConnection->initialize()
#1 /app/system/Database/BaseBuilder.php(1866): CodeIgniter\Database\BaseConnection->query()
#2 /app/app/Models/EvaluasiModel.php(238): CodeIgniter\Database\BaseBuilder->get()
#3 /app/app/Controllers/Home.php(65): App\Models\EvaluasiModel->findCettar()
#4 /app/system/CodeIgniter.php(936): App\Controllers\Home->kab()
#5 /app/system/CodeIgniter.php(432): CodeIgniter\CodeIgniter->runController()
#6 /app/system/CodeIgniter.php(333): CodeIgniter\CodeIgniter->handleRequest()
#7 /app/public/index.php(45): CodeIgniter\CodeIgniter->run()
#8 {main}
INFO - 2022-03-19 07:20:48 --> Session: Class initialized using 'CodeIgniter\Session\Handlers\FileHandler' driver.
ERROR - 2022-03-19 07:20:48 --> Error connecting to the database: php_network_getaddresses: getaddrinfo failed: Temporary failure in name resolution
CRITICAL - 2022-03-19 07:20:48 --> Unable to connect to the database.
#0 /app/system/Database/BaseConnection.php(618): CodeIgniter\Database\BaseConnection->initialize()
#1 /app/system/Database/BaseBuilder.php(1866): CodeIgniter\Database\BaseConnection->query()
#2 /app/app/Models/EvaluasiModel.php(238): CodeIgniter\Database\BaseBuilder->get()
#3 /app/app/Controllers/Home.php(18): App\Models\EvaluasiModel->findCettar()
#4 /app/system/CodeIgniter.php(936): App\Controllers\Home->index()
#5 /app/system/CodeIgniter.php(432): CodeIgniter\CodeIgniter->runController()
#6 /app/system/CodeIgniter.php(333): CodeIgniter\CodeIgniter->handleRequest()
#7 /app/public/index.php(45): CodeIgniter\CodeIgniter->run()
#8 {main}
INFO - 2022-03-19 08:50:48 --> Session: Class initialized using 'CodeIgniter\Session\Handlers\FileHandler' driver.
WARNING - 2022-03-19 08:50:48 --> Session: Sessions is enabled, and one exists.Please don't $session->start();
INFO - 2022-03-19 09:35:21 --> Session: Class initialized using 'CodeIgniter\Session\Handlers\FileHandler' driver.
ERROR - 2022-03-19 09:35:21 --> Error connecting to the database: php_network_getaddresses: getaddrinfo failed: Temporary failure in name resolution
CRITICAL - 2022-03-19 09:35:21 --> Unable to connect to the database.
#0 /app/system/Database/BaseConnection.php(618): CodeIgniter\Database\BaseConnection->initialize()
#1 /app/system/Database/BaseBuilder.php(1866): CodeIgniter\Database\BaseConnection->query()
#2 /app/app/Models/EvaluasiModel.php(238): CodeIgniter\Database\BaseBuilder->get()
#3 /app/app/Controllers/Home.php(18): App\Models\EvaluasiModel->findCettar()
#4 /app/system/CodeIgniter.php(936): App\Controllers\Home->index()
#5 /app/system/CodeIgniter.php(432): CodeIgniter\CodeIgniter->runController()
#6 /app/system/CodeIgniter.php(333): CodeIgniter\CodeIgniter->handleRequest()
#7 /app/public/index.php(45): CodeIgniter\CodeIgniter->run()
#8 {main}
INFO - 2022-03-19 09:47:06 --> Session: Class initialized using 'CodeIgniter\Session\Handlers\FileHandler' driver.
ERROR - 2022-03-19 09:47:06 --> Error connecting to the database: php_network_getaddresses: getaddrinfo failed: Temporary failure in name resolution
CRITICAL - 2022-03-19 09:47:06 --> Unable to connect to the database.
#0 /app/system/Database/BaseConnection.php(618): CodeIgniter\Database\BaseConnection->initialize()
#1 /app/system/Database/BaseBuilder.php(1866): CodeIgniter\Database\BaseConnection->query()
#2 /app/app/Models/EvaluasiModel.php(238): CodeIgniter\Database\BaseBuilder->get()
#3 /app/app/Controllers/Home.php(18): App\Models\EvaluasiModel->findCettar()
#4 /app/system/CodeIgniter.php(936): App\Controllers\Home->index()
#5 /app/system/CodeIgniter.php(432): CodeIgniter\CodeIgniter->runController()
#6 /app/system/CodeIgniter.php(333): CodeIgniter\CodeIgniter->handleRequest()
#7 /app/public/index.php(45): CodeIgniter\CodeIgniter->run()
#8 {main}
INFO - 2022-03-19 11:12:33 --> Session: Class initialized using 'CodeIgniter\Session\Handlers\FileHandler' driver.
ERROR - 2022-03-19 11:12:33 --> Error connecting to the database: php_network_getaddresses: getaddrinfo failed: Temporary failure in name resolution
CRITICAL - 2022-03-19 11:12:33 --> Unable to connect to the database.
#0 /app/system/Database/BaseConnection.php(618): CodeIgniter\Database\BaseConnection->initialize()
#1 /app/system/Database/BaseBuilder.php(1866): CodeIgniter\Database\BaseConnection->query()
#2 /app/app/Models/EvaluasiModel.php(238): CodeIgniter\Database\BaseBuilder->get()
#3 /app/app/Controllers/Home.php(18): App\Models\EvaluasiModel->findCettar()
#4 /app/system/CodeIgniter.php(936): App\Controllers\Home->index()
#5 /app/system/CodeIgniter.php(432): CodeIgniter\CodeIgniter->runController()
#6 /app/system/CodeIgniter.php(333): CodeIgniter\CodeIgniter->handleRequest()
#7 /app/public/index.php(45): CodeIgniter\CodeIgniter->run()
#8 {main}
INFO - 2022-03-19 12:18:24 --> Session: Class initialized using 'CodeIgniter\Session\Handlers\FileHandler' driver.
ERROR - 2022-03-19 12:18:24 --> Error connecting to the database: php_network_getaddresses: getaddrinfo failed: Temporary failure in name resolution
CRITICAL - 2022-03-19 12:18:24 --> Unable to connect to the database.
#0 /app/system/Database/BaseConnection.php(618): CodeIgniter\Database\BaseConnection->initialize()
#1 /app/system/Database/BaseBuilder.php(1866): CodeIgniter\Database\BaseConnection->query()
#2 /app/app/Models/MasterModel.php(27): CodeIgniter\Database\BaseBuilder->get()
#3 /app/app/Controllers/Read.php(25): App\Models\MasterModel->getMUnit()
#4 /app/system/CodeIgniter.php(936): App\Controllers\Read->opd()
#5 /app/system/CodeIgniter.php(432): CodeIgniter\CodeIgniter->runController()
#6 /app/system/CodeIgniter.php(333): CodeIgniter\CodeIgniter->handleRequest()
#7 /app/public/index.php(45): CodeIgniter\CodeIgniter->run()
#8 {main}
INFO - 2022-03-19 13:22:43 --> Session: Class initialized using 'CodeIgniter\Session\Handlers\FileHandler' driver.
ERROR - 2022-03-19 13:22:43 --> Error connecting to the database: php_network_getaddresses: getaddrinfo failed: Temporary failure in name resolution
CRITICAL - 2022-03-19 13:22:43 --> Unable to connect to the database.
#0 /app/system/Database/BaseConnection.php(618): CodeIgniter\Database\BaseConnection->initialize()
#1 /app/system/Database/BaseBuilder.php(1866): CodeIgniter\Database\BaseConnection->query()
#2 /app/app/Models/EvaluasiModel.php(238): CodeIgniter\Database\BaseBuilder->get()
#3 /app/app/Controllers/Home.php(18): App\Models\EvaluasiModel->findCettar()
#4 /app/system/CodeIgniter.php(936): App\Controllers\Home->index()
#5 /app/system/CodeIgniter.php(432): CodeIgniter\CodeIgniter->runController()
#6 /app/system/CodeIgniter.php(333): CodeIgniter\CodeIgniter->handleRequest()
#7 /app/public/index.php(45): CodeIgniter\CodeIgniter->run()
#8 {main}
INFO - 2022-03-19 15:39:12 --> Session: Class initialized using 'CodeIgniter\Session\Handlers\FileHandler' driver.
ERROR - 2022-03-19 15:39:12 --> Error connecting to the database: php_network_getaddresses: getaddrinfo failed: Temporary failure in name resolution
CRITICAL - 2022-03-19 15:39:12 --> Unable to connect to the database.
#0 /app/system/Database/BaseConnection.php(618): CodeIgniter\Database\BaseConnection->initialize()
#1 /app/system/Database/BaseBuilder.php(1866): CodeIgniter\Database\BaseConnection->query()
#2 /app/app/Models/EvaluasiModel.php(238): CodeIgniter\Database\BaseBuilder->get()
#3 /app/app/Controllers/Home.php(18): App\Models\EvaluasiModel->findCettar()
#4 /app/system/CodeIgniter.php(936): App\Controllers\Home->index()
#5 /app/system/CodeIgniter.php(432): CodeIgniter\CodeIgniter->runController()
#6 /app/system/CodeIgniter.php(333): CodeIgniter\CodeIgniter->handleRequest()
#7 /app/public/index.php(45): CodeIgniter\CodeIgniter->run()
#8 {main}
INFO - 2022-03-19 16:23:15 --> Session: Class initialized using 'CodeIgniter\Session\Handlers\FileHandler' driver.
ERROR - 2022-03-19 16:23:15 --> Error connecting to the database: php_network_getaddresses: getaddrinfo failed: Temporary failure in name resolution
CRITICAL - 2022-03-19 16:23:15 --> Unable to connect to the database.
#0 /app/system/Database/BaseConnection.php(618): CodeIgniter\Database\BaseConnection->initialize()
#1 /app/system/Database/BaseBuilder.php(1866): CodeIgniter\Database\BaseConnection->query()
#2 /app/app/Models/EvaluasiModel.php(238): CodeIgniter\Database\BaseBuilder->get()
#3 /app/app/Controllers/Home.php(18): App\Models\EvaluasiModel->findCettar()
#4 /app/system/CodeIgniter.php(936): App\Controllers\Home->index()
#5 /app/system/CodeIgniter.php(432): CodeIgniter\CodeIgniter->runController()
#6 /app/system/CodeIgniter.php(333): CodeIgniter\CodeIgniter->handleRequest()
#7 /app/public/index.php(45): CodeIgniter\CodeIgniter->run()
#8 {main}
INFO - 2022-03-19 16:56:54 --> Session: Class initialized using 'CodeIgniter\Session\Handlers\FileHandler' driver.
WARNING - 2022-03-19 16:56:54 --> Session: Sessions is enabled, and one exists.Please don't $session->start();
INFO - 2022-03-19 17:49:07 --> Session: Class initialized using 'CodeIgniter\Session\Handlers\FileHandler' driver.
ERROR - 2022-03-19 17:49:07 --> Error connecting to the database: php_network_getaddresses: getaddrinfo failed: Temporary failure in name resolution
CRITICAL - 2022-03-19 17:49:07 --> Unable to connect to the database.
#0 /app/system/Database/BaseConnection.php(618): CodeIgniter\Database\BaseConnection->initialize()
#1 /app/system/Database/BaseBuilder.php(1866): CodeIgniter\Database\BaseConnection->query()
#2 /app/app/Models/MasterModel.php(27): CodeIgniter\Database\BaseBuilder->get()
#3 /app/app/Controllers/Read.php(25): App\Models\MasterModel->getMUnit()
#4 /app/system/CodeIgniter.php(936): App\Controllers\Read->opd()
#5 /app/system/CodeIgniter.php(432): CodeIgniter\CodeIgniter->runController()
#6 /app/system/CodeIgniter.php(333): CodeIgniter\CodeIgniter->handleRequest()
#7 /app/public/index.php(45): CodeIgniter\CodeIgniter->run()
#8 {main}
INFO - 2022-03-19 18:43:49 --> Session: Class initialized using 'CodeIgniter\Session\Handlers\FileHandler' driver.
ERROR - 2022-03-19 18:43:49 --> Error connecting to the database: php_network_getaddresses: getaddrinfo failed: Temporary failure in name resolution
CRITICAL - 2022-03-19 18:43:49 --> Unable to connect to the database.
#0 /app/system/Database/BaseConnection.php(618): CodeIgniter\Database\BaseConnection->initialize()
#1 /app/system/Database/BaseBuilder.php(1866): CodeIgniter\Database\BaseConnection->query()
#2 /app/app/Models/EvaluasiModel.php(238): CodeIgniter\Database\BaseBuilder->get()
#3 /app/app/Controllers/Home.php(18): App\Models\EvaluasiModel->findCettar()
#4 /app/system/CodeIgniter.php(936): App\Controllers\Home->index()
#5 /app/system/CodeIgniter.php(432): CodeIgniter\CodeIgniter->runController()
#6 /app/system/CodeIgniter.php(333): CodeIgniter\CodeIgniter->handleRequest()
#7 /app/public/index.php(45): CodeIgniter\CodeIgniter->run()
#8 {main}
INFO - 2022-03-19 19:08:27 --> Session: Class initialized using 'CodeIgniter\Session\Handlers\FileHandler' driver.
ERROR - 2022-03-19 19:08:27 --> Error connecting to the database: php_network_getaddresses: getaddrinfo failed: Temporary failure in name resolution
CRITICAL - 2022-03-19 19:08:27 --> Unable to connect to the database.
#0 /app/system/Database/BaseConnection.php(618): CodeIgniter\Database\BaseConnection->initialize()
#1 /app/system/Database/BaseBuilder.php(1866): CodeIgniter\Database\BaseConnection->query()
#2 /app/app/Models/MasterModel.php(230): CodeIgniter\Database\BaseBuilder->get()
#3 /app/app/Controllers/Read.php(54): App\Models\MasterModel->findMIndikator()
#4 /app/system/CodeIgniter.php(936): App\Controllers\Read->detail()
#5 /app/system/CodeIgniter.php(432): CodeIgniter\CodeIgniter->runController()
#6 /app/system/CodeIgniter.php(333): CodeIgniter\CodeIgniter->handleRequest()
#7 /app/public/index.php(45): CodeIgniter\CodeIgniter->run()
#8 {main}
INFO - 2022-03-19 19:08:27 --> Session: Class initialized using 'CodeIgniter\Session\Handlers\FileHandler' driver.
ERROR - 2022-03-19 19:08:27 --> Error connecting to the database: php_network_getaddresses: getaddrinfo failed: Temporary failure in name resolution
CRITICAL - 2022-03-19 19:08:27 --> Unable to connect to the database.
#0 /app/system/Database/BaseConnection.php(618): CodeIgniter\Database\BaseConnection->initialize()
#1 /app/system/Database/BaseBuilder.php(1866): CodeIgniter\Database\BaseConnection->query()
#2 /app/app/Models/MasterModel.php(230): CodeIgniter\Database\BaseBuilder->get()
#3 /app/app/Controllers/Read.php(54): App\Models\MasterModel->findMIndikator()
#4 /app/system/CodeIgniter.php(936): App\Controllers\Read->detail()
#5 /app/system/CodeIgniter.php(432): CodeIgniter\CodeIgniter->runController()
#6 /app/system/CodeIgniter.php(333): CodeIgniter\CodeIgniter->handleRequest()
#7 /app/public/index.php(45): CodeIgniter\CodeIgniter->run()
#8 {main}
INFO - 2022-03-19 19:08:27 --> Session: Class initialized using 'CodeIgniter\Session\Handlers\FileHandler' driver.
ERROR - 2022-03-19 19:08:27 --> Error connecting to the database: php_network_getaddresses: getaddrinfo failed: Temporary failure in name resolution
CRITICAL - 2022-03-19 19:08:27 --> Unable to connect to the database.
#0 /app/system/Database/BaseConnection.php(618): CodeIgniter\Database\BaseConnection->initialize()
#1 /app/system/Database/BaseBuilder.php(1866): CodeIgniter\Database\BaseConnection->query()
#2 /app/app/Models/MasterModel.php(230): CodeIgniter\Database\BaseBuilder->get()
#3 /app/app/Controllers/Read.php(54): App\Models\MasterModel->findMIndikator()
#4 /app/system/CodeIgniter.php(936): App\Controllers\Read->detail()
#5 /app/system/CodeIgniter.php(432): CodeIgniter\CodeIgniter->runController()
#6 /app/system/CodeIgniter.php(333): CodeIgniter\CodeIgniter->handleRequest()
#7 /app/public/index.php(45): CodeIgniter\CodeIgniter->run()
#8 {main}
INFO - 2022-03-19 19:08:28 --> Session: Class initialized using 'CodeIgniter\Session\Handlers\FileHandler' driver.
ERROR - 2022-03-19 19:08:28 --> Error connecting to the database: php_network_getaddresses: getaddrinfo failed: Temporary failure in name resolution
CRITICAL - 2022-03-19 19:08:28 --> Unable to connect to the database.
#0 /app/system/Database/BaseConnection.php(618): CodeIgniter\Database\BaseConnection->initialize()
#1 /app/system/Database/BaseBuilder.php(1866): CodeIgniter\Database\BaseConnection->query()
#2 /app/app/Models/MasterModel.php(230): CodeIgniter\Database\BaseBuilder->get()
#3 /app/app/Controllers/Read.php(54): App\Models\MasterModel->findMIndikator()
#4 /app/system/CodeIgniter.php(936): App\Controllers\Read->detail()
#5 /app/system/CodeIgniter.php(432): CodeIgniter\CodeIgniter->runController()
#6 /app/system/CodeIgniter.php(333): CodeIgniter\CodeIgniter->handleRequest()
#7 /app/public/index.php(45): CodeIgniter\CodeIgniter->run()
#8 {main}
INFO - 2022-03-19 19:08:28 --> Session: Class initialized using 'CodeIgniter\Session\Handlers\FileHandler' driver.
ERROR - 2022-03-19 19:08:28 --> Error connecting to the database: php_network_getaddresses: getaddrinfo failed: Temporary failure in name resolution
CRITICAL - 2022-03-19 19:08:28 --> Unable to connect to the database.
#0 /app/system/Database/BaseConnection.php(618): CodeIgniter\Database\BaseConnection->initialize()
#1 /app/system/Database/BaseBuilder.php(1866): CodeIgniter\Database\BaseConnection->query()
#2 /app/app/Models/MasterModel.php(230): CodeIgniter\Database\BaseBuilder->get()
#3 /app/app/Controllers/Read.php(54): App\Models\MasterModel->findMIndikator()
#4 /app/system/CodeIgniter.php(936): App\Controllers\Read->detail()
#5 /app/system/CodeIgniter.php(432): CodeIgniter\CodeIgniter->runController()
#6 /app/system/CodeIgniter.php(333): CodeIgniter\CodeIgniter->handleRequest()
#7 /app/public/index.php(45): CodeIgniter\CodeIgniter->run()
#8 {main}
INFO - 2022-03-19 19:08:29 --> Session: Class initialized using 'CodeIgniter\Session\Handlers\FileHandler' driver.
ERROR - 2022-03-19 19:08:29 --> Error connecting to the database: php_network_getaddresses: getaddrinfo failed: Temporary failure in name resolution
CRITICAL - 2022-03-19 19:08:29 --> Unable to connect to the database.
#0 /app/system/Database/BaseConnection.php(618): CodeIgniter\Database\BaseConnection->initialize()
#1 /app/system/Database/BaseBuilder.php(1866): CodeIgniter\Database\BaseConnection->query()
#2 /app/app/Models/MasterModel.php(230): CodeIgniter\Database\BaseBuilder->get()
#3 /app/app/Controllers/Read.php(54): App\Models\MasterModel->findMIndikator()
#4 /app/system/CodeIgniter.php(936): App\Controllers\Read->detail()
#5 /app/system/CodeIgniter.php(432): CodeIgniter\CodeIgniter->runController()
#6 /app/system/CodeIgniter.php(333): CodeIgniter\CodeIgniter->handleRequest()
#7 /app/public/index.php(45): CodeIgniter\CodeIgniter->run()
#8 {main}
INFO - 2022-03-19 19:08:30 --> Session: Class initialized using 'CodeIgniter\Session\Handlers\FileHandler' driver.
ERROR - 2022-03-19 19:08:30 --> Error connecting to the database: php_network_getaddresses: getaddrinfo failed: Temporary failure in name resolution
CRITICAL - 2022-03-19 19:08:30 --> Unable to connect to the database.
#0 /app/system/Database/BaseConnection.php(618): CodeIgniter\Database\BaseConnection->initialize()
#1 /app/system/Database/BaseBuilder.php(1866): CodeIgniter\Database\BaseConnection->query()
#2 /app/app/Models/MasterModel.php(230): CodeIgniter\Database\BaseBuilder->get()
#3 /app/app/Controllers/Read.php(54): App\Models\MasterModel->findMIndikator()
#4 /app/system/CodeIgniter.php(936): App\Controllers\Read->detail()
#5 /app/system/CodeIgniter.php(432): CodeIgniter\CodeIgniter->runController()
#6 /app/system/CodeIgniter.php(333): CodeIgniter\CodeIgniter->handleRequest()
#7 /app/public/index.php(45): CodeIgniter\CodeIgniter->run()
#8 {main}
INFO - 2022-03-19 19:29:07 --> Session: Class initialized using 'CodeIgniter\Session\Handlers\FileHandler' driver.
ERROR - 2022-03-19 19:29:07 --> Error connecting to the database: php_network_getaddresses: getaddrinfo failed: Temporary failure in name resolution
CRITICAL - 2022-03-19 19:29:07 --> Unable to connect to the database.
#0 /app/system/Database/BaseConnection.php(618): CodeIgniter\Database\BaseConnection->initialize()
#1 /app/system/Database/BaseBuilder.php(1866): CodeIgniter\Database\BaseConnection->query()
#2 /app/app/Models/MasterModel.php(27): CodeIgniter\Database\BaseBuilder->get()
#3 /app/app/Controllers/Read.php(25): App\Models\MasterModel->getMUnit()
#4 /app/system/CodeIgniter.php(936): App\Controllers\Read->opd()
#5 /app/system/CodeIgniter.php(432): CodeIgniter\CodeIgniter->runController()
#6 /app/system/CodeIgniter.php(333): CodeIgniter\CodeIgniter->handleRequest()
#7 /app/public/index.php(45): CodeIgniter\CodeIgniter->run()
#8 {main}
INFO - 2022-03-19 20:20:53 --> Session: Class initialized using 'CodeIgniter\Session\Handlers\FileHandler' driver.
ERROR - 2022-03-19 20:20:53 --> Error connecting to the database: php_network_getaddresses: getaddrinfo failed: Temporary failure in name resolution
CRITICAL - 2022-03-19 20:20:53 --> Unable to connect to the database.
#0 /app/system/Database/BaseConnection.php(618): CodeIgniter\Database\BaseConnection->initialize()
#1 /app/system/Database/BaseBuilder.php(1866): CodeIgniter\Database\BaseConnection->query()
#2 /app/app/Models/MasterModel.php(60): CodeIgniter\Database\BaseBuilder->get()
#3 /app/app/Controllers/Read.php(28): App\Models\MasterModel->findMUnit()
#4 /app/system/CodeIgniter.php(936): App\Controllers\Read->opd()
#5 /app/system/CodeIgniter.php(432): CodeIgniter\CodeIgniter->runController()
#6 /app/system/CodeIgniter.php(333): CodeIgniter\CodeIgniter->handleRequest()
#7 /app/public/index.php(45): CodeIgniter\CodeIgniter->run()
#8 {main}
INFO - 2022-03-19 20:29:02 --> Session: Class initialized using 'CodeIgniter\Session\Handlers\FileHandler' driver.
ERROR - 2022-03-19 20:29:02 --> Error connecting to the database: php_network_getaddresses: getaddrinfo failed: Temporary failure in name resolution
CRITICAL - 2022-03-19 20:29:02 --> Unable to connect to the database.
#0 /app/system/Database/BaseConnection.php(618): CodeIgniter\Database\BaseConnection->initialize()
#1 /app/system/Database/BaseBuilder.php(1866): CodeIgniter\Database\BaseConnection->query()
#2 /app/app/Models/EvaluasiModel.php(238): CodeIgniter\Database\BaseBuilder->get()
#3 /app/app/Controllers/Home.php(18): App\Models\EvaluasiModel->findCettar()
#4 /app/system/CodeIgniter.php(936): App\Controllers\Home->index()
#5 /app/system/CodeIgniter.php(432): CodeIgniter\CodeIgniter->runController()
#6 /app/system/CodeIgniter.php(333): CodeIgniter\CodeIgniter->handleRequest()
#7 /app/public/index.php(45): CodeIgniter\CodeIgniter->run()
#8 {main}
INFO - 2022-03-19 20:38:38 --> Session: Class initialized using 'CodeIgniter\Session\Handlers\FileHandler' driver.
ERROR - 2022-03-19 20:38:38 --> Error connecting to the database: php_network_getaddresses: getaddrinfo failed: Temporary failure in name resolution
CRITICAL - 2022-03-19 20:38:38 --> Unable to connect to the database.
#0 /app/system/Database/BaseConnection.php(618): CodeIgniter\Database\BaseConnection->initialize()
#1 /app/system/Database/BaseBuilder.php(1866): CodeIgniter\Database\BaseConnection->query()
#2 /app/app/Models/EvaluasiModel.php(238): CodeIgniter\Database\BaseBuilder->get()
#3 /app/app/Controllers/Home.php(18): App\Models\EvaluasiModel->findCettar()
#4 /app/system/CodeIgniter.php(936): App\Controllers\Home->index()
#5 /app/system/CodeIgniter.php(432): CodeIgniter\CodeIgniter->runController()
#6 /app/system/CodeIgniter.php(333): CodeIgniter\CodeIgniter->handleRequest()
#7 /app/public/index.php(45): CodeIgniter\CodeIgniter->run()
#8 {main}
INFO - 2022-03-19 22:19:38 --> Session: Class initialized using 'CodeIgniter\Session\Handlers\FileHandler' driver.
ERROR - 2022-03-19 22:19:38 --> Error connecting to the database: php_network_getaddresses: getaddrinfo failed: Temporary failure in name resolution
CRITICAL - 2022-03-19 22:19:38 --> Unable to connect to the database.
#0 /app/system/Database/BaseConnection.php(618): CodeIgniter\Database\BaseConnection->initialize()
#1 /app/system/Database/BaseBuilder.php(1866): CodeIgniter\Database\BaseConnection->query()
#2 /app/app/Models/EvaluasiModel.php(238): CodeIgniter\Database\BaseBuilder->get()
#3 /app/app/Controllers/Home.php(18): App\Models\EvaluasiModel->findCettar()
#4 /app/system/CodeIgniter.php(936): App\Controllers\Home->index()
#5 /app/system/CodeIgniter.php(432): CodeIgniter\CodeIgniter->runController()
#6 /app/system/CodeIgniter.php(333): CodeIgniter\CodeIgniter->handleRequest()
#7 /app/public/index.php(45): CodeIgniter\CodeIgniter->run()
#8 {main}
INFO - 2022-03-19 22:34:15 --> Session: Class initialized using 'CodeIgniter\Session\Handlers\FileHandler' driver.
ERROR - 2022-03-19 22:34:15 --> Error connecting to the database: php_network_getaddresses: getaddrinfo failed: Temporary failure in name resolution
CRITICAL - 2022-03-19 22:34:15 --> Unable to connect to the database.
#0 /app/system/Database/BaseConnection.php(618): CodeIgniter\Database\BaseConnection->initialize()
#1 /app/system/Database/BaseBuilder.php(1866): CodeIgniter\Database\BaseConnection->query()
#2 /app/app/Models/EvaluasiModel.php(238): CodeIgniter\Database\BaseBuilder->get()
#3 /app/app/Controllers/Home.php(18): App\Models\EvaluasiModel->findCettar()
#4 /app/system/CodeIgniter.php(936): App\Controllers\Home->index()
#5 /app/system/CodeIgniter.php(432): CodeIgniter\CodeIgniter->runController()
#6 /app/system/CodeIgniter.php(333): CodeIgniter\CodeIgniter->handleRequest()
#7 /app/public/index.php(45): CodeIgniter\CodeIgniter->run()
#8 {main}
INFO - 2022-03-19 22:43:10 --> Session: Class initialized using 'CodeIgniter\Session\Handlers\FileHandler' driver.
ERROR - 2022-03-19 22:43:10 --> Error connecting to the database: php_network_getaddresses: getaddrinfo failed: Temporary failure in name resolution
CRITICAL - 2022-03-19 22:43:10 --> Unable to connect to the database.
#0 /app/system/Database/BaseConnection.php(618): CodeIgniter\Database\BaseConnection->initialize()
#1 /app/system/Database/BaseBuilder.php(1866): CodeIgniter\Database\BaseConnection->query()
#2 /app/app/Models/EvaluasiModel.php(238): CodeIgniter\Database\BaseBuilder->get()
#3 /app/app/Controllers/Home.php(18): App\Models\EvaluasiModel->findCettar()
#4 /app/system/CodeIgniter.php(936): App\Controllers\Home->index()
#5 /app/system/CodeIgniter.php(432): CodeIgniter\CodeIgniter->runController()
#6 /app/system/CodeIgniter.php(333): CodeIgniter\CodeIgniter->handleRequest()
#7 /app/public/index.php(45): CodeIgniter\CodeIgniter->run()
#8 {main}
INFO - 2022-03-19 22:59:12 --> Session: Class initialized using 'CodeIgniter\Session\Handlers\FileHandler' driver.
ERROR - 2022-03-19 22:59:12 --> Error connecting to the database: php_network_getaddresses: getaddrinfo failed: Temporary failure in name resolution
CRITICAL - 2022-03-19 22:59:12 --> Unable to connect to the database.
#0 /app/system/Database/BaseConnection.php(618): CodeIgniter\Database\BaseConnection->initialize()
#1 /app/system/Database/BaseBuilder.php(1866): CodeIgniter\Database\BaseConnection->query()
#2 /app/app/Models/EvaluasiModel.php(238): CodeIgniter\Database\BaseBuilder->get()
#3 /app/app/Controllers/Home.php(18): App\Models\EvaluasiModel->findCettar()
#4 /app/system/CodeIgniter.php(936): App\Controllers\Home->index()
#5 /app/system/CodeIgniter.php(432): CodeIgniter\CodeIgniter->runController()
#6 /app/system/CodeIgniter.php(333): CodeIgniter\CodeIgniter->handleRequest()
#7 /app/public/index.php(45): CodeIgniter\CodeIgniter->run()
#8 {main}
INFO - 2022-03-19 23:11:31 --> Session: Class initialized using 'CodeIgniter\Session\Handlers\FileHandler' driver.
ERROR - 2022-03-19 23:11:31 --> Error connecting to the database: php_network_getaddresses: getaddrinfo failed: Temporary failure in name resolution
CRITICAL - 2022-03-19 23:11:31 --> Unable to connect to the database.
#0 /app/system/Database/BaseConnection.php(618): CodeIgniter\Database\BaseConnection->initialize()
#1 /app/system/Database/BaseBuilder.php(1866): CodeIgniter\Database\BaseConnection->query()
#2 /app/app/Models/EvaluasiModel.php(238): CodeIgniter\Database\BaseBuilder->get()
#3 /app/app/Controllers/Home.php(18): App\Models\EvaluasiModel->findCettar()
#4 /app/system/CodeIgniter.php(936): App\Controllers\Home->index()
#5 /app/system/CodeIgniter.php(432): CodeIgniter\CodeIgniter->runController()
#6 /app/system/CodeIgniter.php(333): CodeIgniter\CodeIgniter->handleRequest()
#7 /app/public/index.php(45): CodeIgniter\CodeIgniter->run()
#8 {main}
INFO - 2022-03-19 23:11:38 --> Session: Class initialized using 'CodeIgniter\Session\Handlers\FileHandler' driver.
ERROR - 2022-03-19 23:11:38 --> Error connecting to the database: php_network_getaddresses: getaddrinfo failed: Temporary failure in name resolution
CRITICAL - 2022-03-19 23:11:38 --> Unable to connect to the database.
#0 /app/system/Database/BaseConnection.php(618): CodeIgniter\Database\BaseConnection->initialize()
#1 /app/system/Database/BaseBuilder.php(1866): CodeIgniter\Database\BaseConnection->query()
#2 /app/app/Models/EvaluasiModel.php(238): CodeIgniter\Database\BaseBuilder->get()
#3 /app/app/Controllers/Home.php(18): App\Models\EvaluasiModel->findCettar()
#4 /app/system/CodeIgniter.php(936): App\Controllers\Home->index()
#5 /app/system/CodeIgniter.php(432): CodeIgniter\CodeIgniter->runController()
#6 /app/system/CodeIgniter.php(333): CodeIgniter\CodeIgniter->handleRequest()
#7 /app/public/index.php(45): CodeIgniter\CodeIgniter->run()
#8 {main}
INFO - 2022-03-19 23:11:52 --> Session: Class initialized using 'CodeIgniter\Session\Handlers\FileHandler' driver.
ERROR - 2022-03-19 23:11:52 --> Error connecting to the database: php_network_getaddresses: getaddrinfo failed: Temporary failure in name resolution
CRITICAL - 2022-03-19 23:11:52 --> Unable to connect to the database.
#0 /app/system/Database/BaseConnection.php(618): CodeIgniter\Database\BaseConnection->initialize()
#1 /app/system/Database/BaseBuilder.php(1866): CodeIgniter\Database\BaseConnection->query()
#2 /app/app/Models/EvaluasiModel.php(238): CodeIgniter\Database\BaseBuilder->get()
#3 /app/app/Controllers/Home.php(18): App\Models\EvaluasiModel->findCettar()
#4 /app/system/CodeIgniter.php(936): App\Controllers\Home->index()
#5 /app/system/CodeIgniter.php(432): CodeIgniter\CodeIgniter->runController()
#6 /app/system/CodeIgniter.php(333): CodeIgniter\CodeIgniter->handleRequest()
#7 /app/public/index.php(45): CodeIgniter\CodeIgniter->run()
#8 {main}
INFO - 2022-03-19 23:11:58 --> Session: Class initialized using 'CodeIgniter\Session\Handlers\FileHandler' driver.
ERROR - 2022-03-19 23:11:58 --> Error connecting to the database: php_network_getaddresses: getaddrinfo failed: Temporary failure in name resolution
CRITICAL - 2022-03-19 23:11:58 --> Unable to connect to the database.
#0 /app/system/Database/BaseConnection.php(618): CodeIgniter\Database\BaseConnection->initialize()
#1 /app/system/Database/BaseBuilder.php(1866): CodeIgniter\Database\BaseConnection->query()
#2 /app/app/Models/EvaluasiModel.php(238): CodeIgniter\Database\BaseBuilder->get()
#3 /app/app/Controllers/Home.php(18): App\Models\EvaluasiModel->findCettar()
#4 /app/system/CodeIgniter.php(936): App\Controllers\Home->index()
#5 /app/system/CodeIgniter.php(432): CodeIgniter\CodeIgniter->runController()
#6 /app/system/CodeIgniter.php(333): CodeIgniter\CodeIgniter->handleRequest()
#7 /app/public/index.php(45): CodeIgniter\CodeIgniter->run()
#8 {main}
INFO - 2022-03-19 23:12:15 --> Session: Class initialized using 'CodeIgniter\Session\Handlers\FileHandler' driver.
ERROR - 2022-03-19 23:12:15 --> Error connecting to the database: php_network_getaddresses: getaddrinfo failed: Temporary failure in name resolution
CRITICAL - 2022-03-19 23:12:15 --> Unable to connect to the database.
#0 /app/system/Database/BaseConnection.php(618): CodeIgniter\Database\BaseConnection->initialize()
#1 /app/system/Database/BaseBuilder.php(1866): CodeIgniter\Database\BaseConnection->query()
#2 /app/app/Models/EvaluasiModel.php(238): CodeIgniter\Database\BaseBuilder->get()
#3 /app/app/Controllers/Home.php(18): App\Models\EvaluasiModel->findCettar()
#4 /app/system/CodeIgniter.php(936): App\Controllers\Home->index()
#5 /app/system/CodeIgniter.php(432): CodeIgniter\CodeIgniter->runController()
#6 /app/system/CodeIgniter.php(333): CodeIgniter\CodeIgniter->handleRequest()
#7 /app/public/index.php(45): CodeIgniter\CodeIgniter->run()
#8 {main}
INFO - 2022-03-19 23:12:54 --> Session: Class initialized using 'CodeIgniter\Session\Handlers\FileHandler' driver.
ERROR - 2022-03-19 23:12:54 --> Error connecting to the database: php_network_getaddresses: getaddrinfo failed: Temporary failure in name resolution
CRITICAL - 2022-03-19 23:12:54 --> Unable to connect to the database.
#0 /app/system/Database/BaseConnection.php(618): CodeIgniter\Database\BaseConnection->initialize()
#1 /app/system/Database/BaseBuilder.php(1866): CodeIgniter\Database\BaseConnection->query()
#2 /app/app/Models/MasterModel.php(60): CodeIgniter\Database\BaseBuilder->get()
#3 /app/app/Controllers/Read.php(42): App\Models\MasterModel->findMUnit()
#4 /app/system/CodeIgniter.php(936): App\Controllers\Read->kab()
#5 /app/system/CodeIgniter.php(432): CodeIgniter\CodeIgniter->runController()
#6 /app/system/CodeIgniter.php(333): CodeIgniter\CodeIgniter->handleRequest()
#7 /app/public/index.php(45): CodeIgniter\CodeIgniter->run()
#8 {main}
INFO - 2022-03-19 23:13:47 --> Session: Class initialized using 'CodeIgniter\Session\Handlers\FileHandler' driver.
ERROR - 2022-03-19 23:13:47 --> Error connecting to the database: php_network_getaddresses: getaddrinfo failed: Temporary failure in name resolution
CRITICAL - 2022-03-19 23:13:47 --> Unable to connect to the database.
#0 /app/system/Database/BaseConnection.php(618): CodeIgniter\Database\BaseConnection->initialize()
#1 /app/system/Database/BaseBuilder.php(1866): CodeIgniter\Database\BaseConnection->query()
#2 /app/app/Models/MasterModel.php(60): CodeIgniter\Database\BaseBuilder->get()
#3 /app/app/Controllers/Read.php(42): App\Models\MasterModel->findMUnit()
#4 /app/system/CodeIgniter.php(936): App\Controllers\Read->kab()
#5 /app/system/CodeIgniter.php(432): CodeIgniter\CodeIgniter->runController()
#6 /app/system/CodeIgniter.php(333): CodeIgniter\CodeIgniter->handleRequest()
#7 /app/public/index.php(45): CodeIgniter\CodeIgniter->run()
#8 {main}
INFO - 2022-03-19 23:19:59 --> Session: Class initialized using 'CodeIgniter\Session\Handlers\FileHandler' driver.
ERROR - 2022-03-19 23:19:59 --> Error connecting to the database: php_network_getaddresses: getaddrinfo failed: Temporary failure in name resolution
CRITICAL - 2022-03-19 23:19:59 --> Unable to connect to the database.
#0 /app/system/Database/BaseConnection.php(618): CodeIgniter\Database\BaseConnection->initialize()
#1 /app/system/Database/BaseBuilder.php(1866): CodeIgniter\Database\BaseConnection->query()
#2 /app/app/Models/EvaluasiModel.php(238): CodeIgniter\Database\BaseBuilder->get()
#3 /app/app/Controllers/Home.php(18): App\Models\EvaluasiModel->findCettar()
#4 /app/system/CodeIgniter.php(936): App\Controllers\Home->index()
#5 /app/system/CodeIgniter.php(432): CodeIgniter\CodeIgniter->runController()
#6 /app/system/CodeIgniter.php(333): CodeIgniter\CodeIgniter->handleRequest()
#7 /app/public/index.php(45): CodeIgniter\CodeIgniter->run()
#8 {main}
INFO - 2022-03-19 23:25:15 --> Session: Class initialized using 'CodeIgniter\Session\Handlers\FileHandler' driver.
ERROR - 2022-03-19 23:25:15 --> Error connecting to the database: php_network_getaddresses: getaddrinfo failed: Temporary failure in name resolution
CRITICAL - 2022-03-19 23:25:15 --> Unable to connect to the database.
#0 /app/system/Database/BaseConnection.php(618): CodeIgniter\Database\BaseConnection->initialize()
#1 /app/system/Database/BaseBuilder.php(1866): CodeIgniter\Database\BaseConnection->query()
#2 /app/app/Models/EvaluasiModel.php(238): CodeIgniter\Database\BaseBuilder->get()
#3 /app/app/Controllers/Home.php(18): App\Models\EvaluasiModel->findCettar()
#4 /app/system/CodeIgniter.php(936): App\Controllers\Home->index()
#5 /app/system/CodeIgniter.php(432): CodeIgniter\CodeIgniter->runController()
#6 /app/system/CodeIgniter.php(333): CodeIgniter\CodeIgniter->handleRequest()
#7 /app/public/index.php(45): CodeIgniter\CodeIgniter->run()
#8 {main}
INFO - 2022-03-19 23:25:26 --> Session: Class initialized using 'CodeIgniter\Session\Handlers\FileHandler' driver.
ERROR - 2022-03-19 23:25:26 --> Error connecting to the database: php_network_getaddresses: getaddrinfo failed: Temporary failure in name resolution
CRITICAL - 2022-03-19 23:25:26 --> Unable to connect to the database.
#0 /app/system/Database/BaseConnection.php(618): CodeIgniter\Database\BaseConnection->initialize()
#1 /app/system/Database/BaseBuilder.php(1866): CodeIgniter\Database\BaseConnection->query()
#2 /app/app/Models/EvaluasiModel.php(238): CodeIgniter\Database\BaseBuilder->get()
#3 /app/app/Controllers/Home.php(18): App\Models\EvaluasiModel->findCettar()
#4 /app/system/CodeIgniter.php(936): App\Controllers\Home->index()
#5 /app/system/CodeIgniter.php(432): CodeIgniter\CodeIgniter->runController()
#6 /app/system/CodeIgniter.php(333): CodeIgniter\CodeIgniter->handleRequest()
#7 /app/public/index.php(45): CodeIgniter\CodeIgniter->run()
#8 {main}
INFO - 2022-03-19 23:25:48 --> Session: Class initialized using 'CodeIgniter\Session\Handlers\FileHandler' driver.
ERROR - 2022-03-19 23:25:48 --> Error connecting to the database: php_network_getaddresses: getaddrinfo failed: Temporary failure in name resolution
CRITICAL - 2022-03-19 23:25:48 --> Unable to connect to the database.
#0 /app/system/Database/BaseConnection.php(618): CodeIgniter\Database\BaseConnection->initialize()
#1 /app/system/Database/BaseBuilder.php(1866): CodeIgniter\Database\BaseConnection->query()
#2 /app/app/Models/EvaluasiModel.php(238): CodeIgniter\Database\BaseBuilder->get()
#3 /app/app/Controllers/Home.php(18): App\Models\EvaluasiModel->findCettar()
#4 /app/system/CodeIgniter.php(936): App\Controllers\Home->index()
#5 /app/system/CodeIgniter.php(432): CodeIgniter\CodeIgniter->runController()
#6 /app/system/CodeIgniter.php(333): CodeIgniter\CodeIgniter->handleRequest()
#7 /app/public/index.php(45): CodeIgniter\CodeIgniter->run()
#8 {main}
INFO - 2022-03-19 23:26:05 --> Session: Class initialized using 'CodeIgniter\Session\Handlers\FileHandler' driver.
ERROR - 2022-03-19 23:26:05 --> Error connecting to the database: php_network_getaddresses: getaddrinfo failed: Temporary failure in name resolution
CRITICAL - 2022-03-19 23:26:05 --> Unable to connect to the database.
#0 /app/system/Database/BaseConnection.php(618): CodeIgniter\Database\BaseConnection->initialize()
#1 /app/system/Database/BaseBuilder.php(1866): CodeIgniter\Database\BaseConnection->query()
#2 /app/app/Models/EvaluasiModel.php(238): CodeIgniter\Database\BaseBuilder->get()
#3 /app/app/Controllers/Home.php(18): App\Models\EvaluasiModel->findCettar()
#4 /app/system/CodeIgniter.php(936): App\Controllers\Home->index()
#5 /app/system/CodeIgniter.php(432): CodeIgniter\CodeIgniter->runController()
#6 /app/system/CodeIgniter.php(333): CodeIgniter\CodeIgniter->handleRequest()
#7 /app/public/index.php(45): CodeIgniter\CodeIgniter->run()
#8 {main}
INFO - 2022-03-19 23:35:33 --> Session: Class initialized using 'CodeIgniter\Session\Handlers\FileHandler' driver.
ERROR - 2022-03-19 23:35:33 --> Error connecting to the database: php_network_getaddresses: getaddrinfo failed: Temporary failure in name resolution
CRITICAL - 2022-03-19 23:35:33 --> Unable to connect to the database.
#0 /app/system/Database/BaseConnection.php(618): CodeIgniter\Database\BaseConnection->initialize()
#1 /app/system/Database/BaseBuilder.php(1866): CodeIgniter\Database\BaseConnection->query()
#2 /app/app/Models/EvaluasiModel.php(238): CodeIgniter\Database\BaseBuilder->get()
#3 /app/app/Controllers/Home.php(18): App\Models\EvaluasiModel->findCettar()
#4 /app/system/CodeIgniter.php(936): App\Controllers\Home->index()
#5 /app/system/CodeIgniter.php(432): CodeIgniter\CodeIgniter->runController()
#6 /app/system/CodeIgniter.php(333): CodeIgniter\CodeIgniter->handleRequest()
#7 /app/public/index.php(45): CodeIgniter\CodeIgniter->run()
#8 {main}
INFO - 2022-03-19 23:43:27 --> Session: Class initialized using 'CodeIgniter\Session\Handlers\FileHandler' driver.
ERROR - 2022-03-19 23:43:27 --> Error connecting to the database: php_network_getaddresses: getaddrinfo failed: Temporary failure in name resolution
CRITICAL - 2022-03-19 23:43:27 --> Unable to connect to the database.
#0 /app/system/Database/BaseConnection.php(618): CodeIgniter\Database\BaseConnection->initialize()
#1 /app/system/Database/BaseBuilder.php(1866): CodeIgniter\Database\BaseConnection->query()
#2 /app/app/Models/EvaluasiModel.php(238): CodeIgniter\Database\BaseBuilder->get()
#3 /app/app/Controllers/Home.php(18): App\Models\EvaluasiModel->findCettar()
#4 /app/system/CodeIgniter.php(936): App\Controllers\Home->index()
#5 /app/system/CodeIgniter.php(432): CodeIgniter\CodeIgniter->runController()
#6 /app/system/CodeIgniter.php(333): CodeIgniter\CodeIgniter->handleRequest()
#7 /app/public/index.php(45): CodeIgniter\CodeIgniter->run()
#8 {main}
INFO - 2022-03-19 23:43:32 --> Session: Class initialized using 'CodeIgniter\Session\Handlers\FileHandler' driver.
ERROR - 2022-03-19 23:43:32 --> Error connecting to the database: php_network_getaddresses: getaddrinfo failed: Temporary failure in name resolution
CRITICAL - 2022-03-19 23:43:32 --> Unable to connect to the database.
#0 /app/system/Database/BaseConnection.php(618): CodeIgniter\Database\BaseConnection->initialize()
#1 /app/system/Database/BaseBuilder.php(1866): CodeIgniter\Database\BaseConnection->query()
#2 /app/app/Models/EvaluasiModel.php(238): CodeIgniter\Database\BaseBuilder->get()
#3 /app/app/Controllers/Home.php(18): App\Models\EvaluasiModel->findCettar()
#4 /app/system/CodeIgniter.php(936): App\Controllers\Home->index()
#5 /app/system/CodeIgniter.php(432): CodeIgniter\CodeIgniter->runController()
#6 /app/system/CodeIgniter.php(333): CodeIgniter\CodeIgniter->handleRequest()
#7 /app/public/index.php(45): CodeIgniter\CodeIgniter->run()
#8 {main}
INFO - 2022-03-19 23:43:34 --> Session: Class initialized using 'CodeIgniter\Session\Handlers\FileHandler' driver.
ERROR - 2022-03-19 23:43:34 --> Error connecting to the database: php_network_getaddresses: getaddrinfo failed: Temporary failure in name resolution
CRITICAL - 2022-03-19 23:43:34 --> Unable to connect to the database.
#0 /app/system/Database/BaseConnection.php(618): CodeIgniter\Database\BaseConnection->initialize()
#1 /app/system/Database/BaseBuilder.php(1866): CodeIgniter\Database\BaseConnection->query()
#2 /app/app/Models/EvaluasiModel.php(238): CodeIgniter\Database\BaseBuilder->get()
#3 /app/app/Controllers/Home.php(18): App\Models\EvaluasiModel->findCettar()
#4 /app/system/CodeIgniter.php(936): App\Controllers\Home->index()
#5 /app/system/CodeIgniter.php(432): CodeIgniter\CodeIgniter->runController()
#6 /app/system/CodeIgniter.php(333): CodeIgniter\CodeIgniter->handleRequest()
#7 /app/public/index.php(45): CodeIgniter\CodeIgniter->run()
#8 {main}
INFO - 2022-03-19 23:43:35 --> Session: Class initialized using 'CodeIgniter\Session\Handlers\FileHandler' driver.
ERROR - 2022-03-19 23:43:35 --> Error connecting to the database: php_network_getaddresses: getaddrinfo failed: Temporary failure in name resolution
CRITICAL - 2022-03-19 23:43:35 --> Unable to connect to the database.
#0 /app/system/Database/BaseConnection.php(618): CodeIgniter\Database\BaseConnection->initialize()
#1 /app/system/Database/BaseBuilder.php(1866): CodeIgniter\Database\BaseConnection->query()
#2 /app/app/Models/EvaluasiModel.php(238): CodeIgniter\Database\BaseBuilder->get()
#3 /app/app/Controllers/Home.php(18): App\Models\EvaluasiModel->findCettar()
#4 /app/system/CodeIgniter.php(936): App\Controllers\Home->index()
#5 /app/system/CodeIgniter.php(432): CodeIgniter\CodeIgniter->runController()
#6 /app/system/CodeIgniter.php(333): CodeIgniter\CodeIgniter->handleRequest()
#7 /app/public/index.php(45): CodeIgniter\CodeIgniter->run()
#8 {main}
INFO - 2022-03-19 23:43:42 --> Session: Class initialized using 'CodeIgniter\Session\Handlers\FileHandler' driver.
ERROR - 2022-03-19 23:43:42 --> Error connecting to the database: php_network_getaddresses: getaddrinfo failed: Temporary failure in name resolution
CRITICAL - 2022-03-19 23:43:42 --> Unable to connect to the database.
#0 /app/system/Database/BaseConnection.php(618): CodeIgniter\Database\BaseConnection->initialize()
#1 /app/system/Database/BaseBuilder.php(1866): CodeIgniter\Database\BaseConnection->query()
#2 /app/app/Models/EvaluasiModel.php(238): CodeIgniter\Database\BaseBuilder->get()
#3 /app/app/Controllers/Home.php(18): App\Models\EvaluasiModel->findCettar()
#4 /app/system/CodeIgniter.php(936): App\Controllers\Home->index()
#5 /app/system/CodeIgniter.php(432): CodeIgniter\CodeIgniter->runController()
#6 /app/system/CodeIgniter.php(333): CodeIgniter\CodeIgniter->handleRequest()
#7 /app/public/index.php(45): CodeIgniter\CodeIgniter->run()
#8 {main}
INFO - 2022-03-19 23:45:00 --> Session: Class initialized using 'CodeIgniter\Session\Handlers\FileHandler' driver.
ERROR - 2022-03-19 23:45:00 --> Error connecting to the database: php_network_getaddresses: getaddrinfo failed: Temporary failure in name resolution
CRITICAL - 2022-03-19 23:45:00 --> Unable to connect to the database.
#0 /app/system/Database/BaseConnection.php(618): CodeIgniter\Database\BaseConnection->initialize()
#1 /app/system/Database/BaseBuilder.php(1866): CodeIgniter\Database\BaseConnection->query()
#2 /app/app/Models/EvaluasiModel.php(238): CodeIgniter\Database\BaseBuilder->get()
#3 /app/app/Controllers/Home.php(18): App\Models\EvaluasiModel->findCettar()
#4 /app/system/CodeIgniter.php(936): App\Controllers\Home->index()
#5 /app/system/CodeIgniter.php(432): CodeIgniter\CodeIgniter->runController()
#6 /app/system/CodeIgniter.php(333): CodeIgniter\CodeIgniter->handleRequest()
#7 /app/public/index.php(45): CodeIgniter\CodeIgniter->run()
#8 {main}
INFO - 2022-03-19 23:45:04 --> Session: Class initialized using 'CodeIgniter\Session\Handlers\FileHandler' driver.
ERROR - 2022-03-19 23:45:04 --> Error connecting to the database: php_network_getaddresses: getaddrinfo failed: Temporary failure in name resolution
CRITICAL - 2022-03-19 23:45:04 --> Unable to connect to the database.
#0 /app/system/Database/BaseConnection.php(618): CodeIgniter\Database\BaseConnection->initialize()
#1 /app/system/Database/BaseBuilder.php(1866): CodeIgniter\Database\BaseConnection->query()
#2 /app/app/Models/EvaluasiModel.php(238): CodeIgniter\Database\BaseBuilder->get()
#3 /app/app/Controllers/Home.php(18): App\Models\EvaluasiModel->findCettar()
#4 /app/system/CodeIgniter.php(936): App\Controllers\Home->index()
#5 /app/system/CodeIgniter.php(432): CodeIgniter\CodeIgniter->runController()
#6 /app/system/CodeIgniter.php(333): CodeIgniter\CodeIgniter->handleRequest()
#7 /app/public/index.php(45): CodeIgniter\CodeIgniter->run()
#8 {main}
INFO - 2022-03-19 23:59:45 --> Session: Class initialized using 'CodeIgniter\Session\Handlers\FileHandler' driver.
ERROR - 2022-03-19 23:59:45 --> Error connecting to the database: php_network_getaddresses: getaddrinfo failed: Temporary failure in name resolution
CRITICAL - 2022-03-19 23:59:45 --> Unable to connect to the database.
#0 /app/system/Database/BaseConnection.php(618): CodeIgniter\Database\BaseConnection->initialize()
#1 /app/system/Database/BaseBuilder.php(1866): CodeIgniter\Database\BaseConnection->query()
#2 /app/app/Models/EvaluasiModel.php(238): CodeIgniter\Database\BaseBuilder->get()
#3 /app/app/Controllers/Home.php(18): App\Models\EvaluasiModel->findCettar()
#4 /app/system/CodeIgniter.php(936): App\Controllers\Home->index()
#5 /app/system/CodeIgniter.php(432): CodeIgniter\CodeIgniter->runController()
#6 /app/system/CodeIgniter.php(333): CodeIgniter\CodeIgniter->handleRequest()
#7 /app/public/index.php(45): CodeIgniter\CodeIgniter->run()
#8 {main}
